<?xml version="1.0" encoding="UTF-8"?>
<coverage generated="1541880340823" clover="3.2.0">
  <project timestamp="1541880340823" name="All files">
    <metrics statements="144" coveredstatements="98" conditionals="149" coveredconditionals="46" methods="91" coveredmethods="32" elements="384" coveredelements="176" complexity="0" loc="144" ncloc="144" packages="9" files="16" classes="16">
      <package name="config">
        <metrics statements="6" coveredstatements="6" conditionals="0" coveredconditionals="0" methods="0" coveredmethods="0"/>
        <file name="env.js" path="/Users/schervo/Documents/projects/templates/ReactNativeTemplate/src/config/env.js">
          <metrics statements="4" coveredstatements="4" conditionals="0" coveredconditionals="0" methods="0" coveredmethods="0"/>
          <line num="1" count="2" type="stmt"/>
          <line num="5" count="2" type="stmt"/>
          <line num="12" count="2" type="stmt"/>
          <line num="19" count="2" type="stmt"/>
        </file>
        <file name="variables.js" path="/Users/schervo/Documents/projects/templates/ReactNativeTemplate/src/config/variables.js">
          <metrics statements="2" coveredstatements="2" conditionals="0" coveredconditionals="0" methods="0" coveredmethods="0"/>
          <line num="3" count="2" type="stmt"/>
          <line num="9" count="2" type="stmt"/>
        </file>
      </package>
      <package name="helpers">
        <metrics statements="23" coveredstatements="15" conditionals="18" coveredconditionals="4" methods="10" coveredmethods="1"/>
        <file name="auth.js" path="/Users/schervo/Documents/projects/templates/ReactNativeTemplate/src/helpers/auth.js">
          <metrics statements="11" coveredstatements="9" conditionals="6" coveredconditionals="4" methods="5" coveredmethods="1"/>
          <line num="1" count="2" type="stmt"/>
          <line num="2" count="2" type="stmt"/>
          <line num="3" count="4" type="cond" truecount="4" falsecount="0"/>
          <line num="5" count="2" type="stmt"/>
          <line num="7" count="2" type="cond" truecount="0" falsecount="2"/>
          <line num="9" count="2" type="stmt"/>
          <line num="10" count="0" type="stmt"/>
          <line num="11" count="2" type="stmt"/>
          <line num="13" count="2" type="stmt"/>
          <line num="14" count="0" type="stmt"/>
          <line num="15" count="2" type="stmt"/>
        </file>
        <file name="storage.js" path="/Users/schervo/Documents/projects/templates/ReactNativeTemplate/src/helpers/storage.js">
          <metrics statements="12" coveredstatements="6" conditionals="12" coveredconditionals="0" methods="5" coveredmethods="0"/>
          <line num="1" count="2" type="stmt"/>
          <line num="2" count="2" type="stmt"/>
          <line num="4" count="2" type="stmt"/>
          <line num="5" count="0" type="cond" truecount="0" falsecount="2"/>
          <line num="6" count="0" type="stmt"/>
          <line num="9" count="2" type="cond" truecount="0" falsecount="6"/>
          <line num="10" count="0" type="stmt"/>
          <line num="11" count="0" type="cond" truecount="0" falsecount="2"/>
          <line num="14" count="2" type="stmt"/>
          <line num="15" count="0" type="cond" truecount="0" falsecount="2"/>
          <line num="16" count="0" type="stmt"/>
          <line num="19" count="2" type="stmt"/>
        </file>
      </package>
      <package name="helpers.api">
        <metrics statements="47" coveredstatements="22" conditionals="38" coveredconditionals="6" methods="33" coveredmethods="3"/>
        <file name="index.js" path="/Users/schervo/Documents/projects/templates/ReactNativeTemplate/src/helpers/api/index.js">
          <metrics statements="47" coveredstatements="22" conditionals="38" coveredconditionals="6" methods="33" coveredmethods="3"/>
          <line num="1" count="2" type="stmt"/>
          <line num="2" count="2" type="stmt"/>
          <line num="3" count="2" type="stmt"/>
          <line num="10" count="2" type="stmt"/>
          <line num="11" count="4" type="cond" truecount="4" falsecount="0"/>
          <line num="24" count="2" type="stmt"/>
          <line num="26" count="0" type="stmt"/>
          <line num="35" count="0" type="stmt"/>
          <line num="38" count="2" type="stmt"/>
          <line num="39" count="0" type="cond" truecount="0" falsecount="4"/>
          <line num="40" count="0" type="stmt"/>
          <line num="46" count="0" type="stmt"/>
          <line num="57" count="2" type="stmt"/>
          <line num="64" count="2" type="stmt"/>
          <line num="65" count="0" type="stmt"/>
          <line num="66" count="0" type="stmt"/>
          <line num="67" count="2" type="stmt"/>
          <line num="70" count="2" type="cond" truecount="0" falsecount="6"/>
          <line num="71" count="0" type="stmt"/>
          <line num="72" count="0" type="stmt"/>
          <line num="73" count="2" type="stmt"/>
          <line num="77" count="2" type="cond" truecount="0" falsecount="6"/>
          <line num="78" count="0" type="stmt"/>
          <line num="79" count="0" type="stmt"/>
          <line num="80" count="2" type="stmt"/>
          <line num="84" count="2" type="cond" truecount="0" falsecount="6"/>
          <line num="85" count="0" type="stmt"/>
          <line num="86" count="0" type="stmt"/>
          <line num="87" count="2" type="stmt"/>
          <line num="91" count="2" type="stmt"/>
          <line num="92" count="0" type="stmt"/>
          <line num="93" count="0" type="stmt"/>
          <line num="94" count="2" type="stmt"/>
          <line num="97" count="2" type="stmt"/>
          <line num="99" count="1" type="cond" truecount="2" falsecount="2"/>
          <line num="100" count="1" type="stmt"/>
          <line num="101" count="0" type="stmt"/>
          <line num="105" count="0" type="stmt"/>
          <line num="108" count="0" type="stmt"/>
          <line num="112" count="2" type="stmt"/>
          <line num="119" count="0" type="cond" truecount="0" falsecount="2"/>
          <line num="120" count="0" type="stmt"/>
          <line num="121" count="0" type="cond" truecount="0" falsecount="2"/>
          <line num="122" count="0" type="stmt"/>
          <line num="123" count="0" type="cond" truecount="0" falsecount="2"/>
          <line num="124" count="0" type="stmt"/>
          <line num="126" count="0" type="stmt"/>
        </file>
      </package>
      <package name="redux">
        <metrics statements="8" coveredstatements="8" conditionals="4" coveredconditionals="3" methods="1" coveredmethods="1"/>
        <file name="store.js" path="/Users/schervo/Documents/projects/templates/ReactNativeTemplate/src/redux/store.js">
          <metrics statements="8" coveredstatements="8" conditionals="4" coveredconditionals="3" methods="1" coveredmethods="1"/>
          <line num="1" count="2" type="stmt"/>
          <line num="2" count="2" type="stmt"/>
          <line num="3" count="2" type="stmt"/>
          <line num="4" count="2" type="stmt"/>
          <line num="5" count="2" type="stmt"/>
          <line num="7" count="6" type="cond" truecount="3" falsecount="1"/>
          <line num="9" count="2" type="stmt"/>
          <line num="11" count="2" type="stmt"/>
        </file>
      </package>
      <package name="redux.modules">
        <metrics statements="5" coveredstatements="5" conditionals="4" coveredconditionals="3" methods="1" coveredmethods="1"/>
        <file name="index.js" path="/Users/schervo/Documents/projects/templates/ReactNativeTemplate/src/redux/modules/index.js">
          <metrics statements="5" coveredstatements="5" conditionals="4" coveredconditionals="3" methods="1" coveredmethods="1"/>
          <line num="1" count="2" type="stmt"/>
          <line num="2" count="2" type="stmt"/>
          <line num="3" count="2" type="cond" truecount="3" falsecount="1"/>
          <line num="9" count="2" type="stmt"/>
          <line num="13" count="2" type="stmt"/>
        </file>
      </package>
      <package name="redux.modules.ui">
        <metrics statements="12" coveredstatements="10" conditionals="33" coveredconditionals="11" methods="6" coveredmethods="2"/>
        <file name="index.js" path="/Users/schervo/Documents/projects/templates/ReactNativeTemplate/src/redux/modules/ui/index.js">
          <metrics statements="12" coveredstatements="10" conditionals="33" coveredconditionals="11" methods="6" coveredmethods="2"/>
          <line num="1" count="2" type="stmt"/>
          <line num="3" count="2" type="stmt"/>
          <line num="4" count="4" type="cond" truecount="3" falsecount="19"/>
          <line num="14" count="2" type="stmt"/>
          <line num="22" count="8" type="cond" truecount="5" falsecount="1"/>
          <line num="23" count="8" type="cond" truecount="3" falsecount="2"/>
          <line num="25" count="1" type="stmt"/>
          <line num="31" count="1" type="stmt"/>
          <line num="36" count="0" type="stmt"/>
          <line num="42" count="0" type="stmt"/>
          <line num="49" count="6" type="stmt"/>
          <line num="53" count="2" type="stmt"/>
        </file>
      </package>
      <package name="redux.modules.ui.actions">
        <metrics statements="15" coveredstatements="15" conditionals="0" coveredconditionals="0" methods="9" coveredmethods="8"/>
        <file name="fetchUsers.js" path="/Users/schervo/Documents/projects/templates/ReactNativeTemplate/src/redux/modules/ui/actions/fetchUsers.js">
          <metrics statements="8" coveredstatements="8" conditionals="0" coveredconditionals="0" methods="1" coveredmethods="1"/>
          <line num="1" count="2" type="stmt"/>
          <line num="4" count="2" type="stmt"/>
          <line num="6" count="2" type="stmt"/>
          <line num="7" count="2" type="stmt"/>
          <line num="8" count="2" type="stmt"/>
          <line num="9" count="2" type="stmt"/>
          <line num="31" count="2" type="stmt"/>
          <line num="33" count="2" type="stmt"/>
        </file>
        <file name="index.js" path="/Users/schervo/Documents/projects/templates/ReactNativeTemplate/src/redux/modules/ui/actions/index.js">
          <metrics statements="3" coveredstatements="3" conditionals="0" coveredconditionals="0" methods="7" coveredmethods="6"/>
          <line num="1" count="8" type="stmt"/>
          <line num="4" count="2" type="stmt"/>
          <line num="12" count="2" type="stmt"/>
        </file>
        <file name="switchTextColor.js" path="/Users/schervo/Documents/projects/templates/ReactNativeTemplate/src/redux/modules/ui/actions/switchTextColor.js">
          <metrics statements="4" coveredstatements="4" conditionals="0" coveredconditionals="0" methods="1" coveredmethods="1"/>
          <line num="1" count="2" type="stmt"/>
          <line num="3" count="2" type="stmt"/>
          <line num="12" count="2" type="stmt"/>
          <line num="15" count="2" type="stmt"/>
        </file>
      </package>
      <package name="redux.modules.ui.api">
        <metrics statements="18" coveredstatements="9" conditionals="36" coveredconditionals="8" methods="14" coveredmethods="5"/>
        <file name="fetchUsers.js" path="/Users/schervo/Documents/projects/templates/ReactNativeTemplate/src/redux/modules/ui/api/fetchUsers.js">
          <metrics statements="16" coveredstatements="7" conditionals="32" coveredconditionals="5" methods="12" coveredmethods="3"/>
          <line num="1" count="2" type="stmt"/>
          <line num="2" count="2" type="stmt"/>
          <line num="4" count="2" type="cond" truecount="3" falsecount="19"/>
          <line num="7" count="2" type="stmt"/>
          <line num="13" count="2" type="stmt"/>
          <line num="58" count="2" type="stmt"/>
          <line num="73" count="0" type="cond" truecount="0" falsecount="3"/>
          <line num="74" count="0" type="stmt"/>
          <line num="75" count="0" type="stmt"/>
          <line num="76" count="0" type="stmt"/>
          <line num="79" count="0" type="stmt"/>
          <line num="85" count="1" type="cond" truecount="1" falsecount="4"/>
          <line num="90" count="0" type="stmt"/>
          <line num="94" count="0" type="stmt"/>
          <line num="95" count="0" type="stmt"/>
          <line num="98" count="0" type="stmt"/>
        </file>
        <file name="index.js" path="/Users/schervo/Documents/projects/templates/ReactNativeTemplate/src/redux/modules/ui/api/index.js">
          <metrics statements="2" coveredstatements="2" conditionals="4" coveredconditionals="3" methods="2" coveredmethods="2"/>
          <line num="1" count="2" type="stmt"/>
          <line num="2" count="2" type="cond" truecount="3" falsecount="1"/>
        </file>
      </package>
      <package name="redux.modules.ui.reducers">
        <metrics statements="10" coveredstatements="8" conditionals="16" coveredconditionals="11" methods="17" coveredmethods="11"/>
        <file name="fetchUsers.js" path="/Users/schervo/Documents/projects/templates/ReactNativeTemplate/src/redux/modules/ui/reducers/fetchUsers.js">
          <metrics statements="5" coveredstatements="3" conditionals="6" coveredconditionals="4" methods="7" coveredmethods="4"/>
          <line num="1" count="2" type="stmt"/>
          <line num="2" count="5" type="cond" truecount="4" falsecount="2"/>
          <line num="10" count="1" type="stmt"/>
          <line num="20" count="0" type="stmt"/>
          <line num="31" count="0" type="stmt"/>
        </file>
        <file name="index.js" path="/Users/schervo/Documents/projects/templates/ReactNativeTemplate/src/redux/modules/ui/reducers/index.js">
          <metrics statements="2" coveredstatements="2" conditionals="4" coveredconditionals="3" methods="5" coveredmethods="3"/>
          <line num="1" count="2" type="stmt"/>
          <line num="7" count="2" type="cond" truecount="3" falsecount="1"/>
        </file>
        <file name="switchTextColor.js" path="/Users/schervo/Documents/projects/templates/ReactNativeTemplate/src/redux/modules/ui/reducers/switchTextColor.js">
          <metrics statements="3" coveredstatements="3" conditionals="6" coveredconditionals="4" methods="5" coveredmethods="4"/>
          <line num="1" count="2" type="stmt"/>
          <line num="2" count="5" type="cond" truecount="4" falsecount="2"/>
          <line num="12" count="1" type="stmt"/>
        </file>
      </package>
    </metrics>
  </project>
</coverage>
