{"/Users/schervo/Documents/projects/templates/ReactNativeTemplate/src/config/env.js": {"path":"/Users/schervo/Documents/projects/templates/ReactNativeTemplate/src/config/env.js","statementMap":{"0":{"start":{"line":1,"column":13},"end":{"line":1,"column":75}},"1":{"start":{"line":1,"column":75},"end":{"line":1,"column":100}},"2":{"start":{"line":5,"column":0},"end":{"line":5,"column":20}},"3":{"start":{"line":12,"column":10},"end":{"line":14,"column":33}},"4":{"start":{"line":19,"column":0},"end":{"line":19,"column":3}},"5":{"start":{"line":19,"column":4},"end":{"line":19,"column":31}}},"fnMap":{},"branchMap":{},"s":{"0":2,"1":2,"2":2,"3":2,"4":2,"5":2},"f":{},"b":{},"_coverageSchema":"332fd63041d2c1bcb487cc26dd0d5f7d97098a6c","hash":"7c223b5c2bf382ae14ac6da6052cf61d4e0c92c2"}
,"/Users/schervo/Documents/projects/templates/ReactNativeTemplate/src/config/variables.js": {"path":"/Users/schervo/Documents/projects/templates/ReactNativeTemplate/src/config/variables.js","statementMap":{"0":{"start":{"line":3,"column":16},"end":{"line":6,"column":33}},"1":{"start":{"line":9,"column":0},"end":{"line":9,"column":27}}},"fnMap":{},"branchMap":{},"s":{"0":2,"1":2},"f":{},"b":{},"_coverageSchema":"332fd63041d2c1bcb487cc26dd0d5f7d97098a6c","hash":"f0a5019abc7459655c6a77bb64bbc7bcb58b7b3b"}
,"/Users/schervo/Documents/projects/templates/ReactNativeTemplate/src/helpers/auth.js": {"path":"/Users/schervo/Documents/projects/templates/ReactNativeTemplate/src/helpers/auth.js","statementMap":{"0":{"start":{"line":1,"column":13},"end":{"line":1,"column":75}},"1":{"start":{"line":1,"column":75},"end":{"line":1,"column":154}},"2":{"start":{"line":2,"column":17},"end":{"line":2,"column":72}},"3":{"start":{"line":3,"column":15},"end":{"line":3,"column":59}},"4":{"start":{"line":3,"column":98},"end":{"line":3,"column":152}},"5":{"start":{"line":5,"column":18},"end":{"line":5,"column":52}},"6":{"start":{"line":7,"column":19},"end":{"line":7,"column":145}},"7":{"start":{"line":7,"column":44},"end":{"line":7,"column":144}},"8":{"start":{"line":7,"column":116},"end":{"line":7,"column":141}},"9":{"start":{"line":7,"column":146},"end":{"line":7,"column":182}},"10":{"start":{"line":9,"column":19},"end":{"line":11,"column":1}},"11":{"start":{"line":10,"column":2},"end":{"line":10,"column":47}},"12":{"start":{"line":11,"column":2},"end":{"line":11,"column":38}},"13":{"start":{"line":13,"column":22},"end":{"line":15,"column":1}},"14":{"start":{"line":14,"column":2},"end":{"line":14,"column":43}},"15":{"start":{"line":15,"column":2},"end":{"line":15,"column":44}}},"fnMap":{"0":{"name":"_interopRequireDefault","decl":{"start":{"line":3,"column":69},"end":{"line":3,"column":91}},"loc":{"start":{"line":3,"column":97},"end":{"line":3,"column":153}},"line":3},"1":{"name":"getAuthToken","decl":{"start":{"line":7,"column":28},"end":{"line":7,"column":40}},"loc":{"start":{"line":7,"column":43},"end":{"line":7,"column":145}},"line":7},"2":{"name":"(anonymous_2)","decl":{"start":{"line":7,"column":94},"end":{"line":7,"column":95}},"loc":{"start":{"line":7,"column":115},"end":{"line":7,"column":142}},"line":7},"3":{"name":"setAuthToken","decl":{"start":{"line":9,"column":28},"end":{"line":9,"column":40}},"loc":{"start":{"line":9,"column":48},"end":{"line":11,"column":1}},"line":9},"4":{"name":"removeAuthToken","decl":{"start":{"line":13,"column":31},"end":{"line":13,"column":46}},"loc":{"start":{"line":13,"column":49},"end":{"line":15,"column":1}},"line":13}},"branchMap":{"0":{"loc":{"start":{"line":3,"column":105},"end":{"line":3,"column":151}},"type":"cond-expr","locations":[{"start":{"line":3,"column":129},"end":{"line":3,"column":132}},{"start":{"line":3,"column":135},"end":{"line":3,"column":151}}],"line":3},"1":{"loc":{"start":{"line":3,"column":105},"end":{"line":3,"column":126}},"type":"binary-expr","locations":[{"start":{"line":3,"column":105},"end":{"line":3,"column":108}},{"start":{"line":3,"column":112},"end":{"line":3,"column":126}}],"line":3},"2":{"loc":{"start":{"line":7,"column":123},"end":{"line":7,"column":140}},"type":"binary-expr","locations":[{"start":{"line":7,"column":123},"end":{"line":7,"column":132}},{"start":{"line":7,"column":136},"end":{"line":7,"column":140}}],"line":7}},"s":{"0":2,"1":2,"2":2,"3":2,"4":4,"5":2,"6":2,"7":0,"8":0,"9":2,"10":2,"11":0,"12":2,"13":2,"14":0,"15":2},"f":{"0":4,"1":0,"2":0,"3":0,"4":0},"b":{"0":[2,2],"1":[4,4],"2":[0,0]},"_coverageSchema":"332fd63041d2c1bcb487cc26dd0d5f7d97098a6c","hash":"fb42ef5e301d74739b6c2665eed9d70ed14a42bb"}
,"/Users/schervo/Documents/projects/templates/ReactNativeTemplate/src/helpers/storage.js": {"path":"/Users/schervo/Documents/projects/templates/ReactNativeTemplate/src/helpers/storage.js","statementMap":{"0":{"start":{"line":1,"column":13},"end":{"line":1,"column":75}},"1":{"start":{"line":1,"column":75},"end":{"line":1,"column":100}},"2":{"start":{"line":2,"column":19},"end":{"line":2,"column":42}},"3":{"start":{"line":4,"column":10},"end":{"line":7,"column":1}},"4":{"start":{"line":5,"column":2},"end":{"line":5,"column":24}},"5":{"start":{"line":5,"column":12},"end":{"line":5,"column":24}},"6":{"start":{"line":6,"column":2},"end":{"line":6,"column":82}},"7":{"start":{"line":9,"column":10},"end":{"line":11,"column":175}},"8":{"start":{"line":9,"column":29},"end":{"line":11,"column":174}},"9":{"start":{"line":9,"column":86},"end":{"line":11,"column":159}},"10":{"start":{"line":9,"column":97},"end":{"line":11,"column":158}},"11":{"start":{"line":9,"column":144},"end":{"line":10,"column":41}},"12":{"start":{"line":10,"column":16},"end":{"line":10,"column":34}},"13":{"start":{"line":10,"column":34},"end":{"line":10,"column":40}},"14":{"start":{"line":10,"column":41},"end":{"line":10,"column":80}},"15":{"start":{"line":10,"column":87},"end":{"line":11,"column":116}},"16":{"start":{"line":11,"column":70},"end":{"line":11,"column":112}},"17":{"start":{"line":11,"column":134},"end":{"line":11,"column":157}},"18":{"start":{"line":14,"column":13},"end":{"line":17,"column":1}},"19":{"start":{"line":15,"column":2},"end":{"line":15,"column":24}},"20":{"start":{"line":15,"column":12},"end":{"line":15,"column":24}},"21":{"start":{"line":16,"column":2},"end":{"line":16,"column":51}},"22":{"start":{"line":19,"column":0},"end":{"line":19,"column":38}},"23":{"start":{"line":19,"column":39},"end":{"line":19,"column":66}}},"fnMap":{"0":{"name":"Set","decl":{"start":{"line":4,"column":19},"end":{"line":4,"column":22}},"loc":{"start":{"line":4,"column":35},"end":{"line":7,"column":1}},"line":4},"1":{"name":"Get","decl":{"start":{"line":9,"column":19},"end":{"line":9,"column":22}},"loc":{"start":{"line":9,"column":28},"end":{"line":11,"column":175}},"line":9},"2":{"name":"Get$","decl":{"start":{"line":9,"column":70},"end":{"line":9,"column":74}},"loc":{"start":{"line":9,"column":85},"end":{"line":11,"column":160}},"line":9},"3":{"name":"(anonymous_3)","decl":{"start":{"line":11,"column":54},"end":{"line":11,"column":55}},"loc":{"start":{"line":11,"column":69},"end":{"line":11,"column":113}},"line":11},"4":{"name":"Remove","decl":{"start":{"line":14,"column":22},"end":{"line":14,"column":28}},"loc":{"start":{"line":14,"column":34},"end":{"line":17,"column":1}},"line":14}},"branchMap":{"0":{"loc":{"start":{"line":5,"column":2},"end":{"line":5,"column":24}},"type":"if","locations":[{"start":{"line":5,"column":2},"end":{"line":5,"column":24}},{"start":{"line":5,"column":2},"end":{"line":5,"column":24}}],"line":5},"1":{"loc":{"start":{"line":9,"column":97},"end":{"line":11,"column":158}},"type":"switch","locations":[{"start":{"line":9,"column":137},"end":{"line":10,"column":80}},{"start":{"line":10,"column":80},"end":{"line":11,"column":116}},{"start":{"line":11,"column":116},"end":{"line":11,"column":123}},{"start":{"line":11,"column":123},"end":{"line":11,"column":157}}],"line":9},"2":{"loc":{"start":{"line":9,"column":144},"end":{"line":10,"column":41}},"type":"if","locations":[{"start":{"line":9,"column":144},"end":{"line":10,"column":41}},{"start":{"line":9,"column":144},"end":{"line":10,"column":41}}],"line":9},"3":{"loc":{"start":{"line":11,"column":77},"end":{"line":11,"column":111}},"type":"cond-expr","locations":[{"start":{"line":11,"column":83},"end":{"line":11,"column":104}},{"start":{"line":11,"column":107},"end":{"line":11,"column":111}}],"line":11},"4":{"loc":{"start":{"line":15,"column":2},"end":{"line":15,"column":24}},"type":"if","locations":[{"start":{"line":15,"column":2},"end":{"line":15,"column":24}},{"start":{"line":15,"column":2},"end":{"line":15,"column":24}}],"line":15}},"s":{"0":2,"1":2,"2":2,"3":2,"4":0,"5":0,"6":0,"7":2,"8":0,"9":0,"10":0,"11":0,"12":0,"13":0,"14":0,"15":0,"16":0,"17":0,"18":2,"19":0,"20":0,"21":0,"22":2,"23":2},"f":{"0":0,"1":0,"2":0,"3":0,"4":0},"b":{"0":[0,0],"1":[0,0,0,0],"2":[0,0],"3":[0,0],"4":[0,0]},"_coverageSchema":"332fd63041d2c1bcb487cc26dd0d5f7d97098a6c","hash":"f8c4c444c66719c84133a3392115756f132f67a8"}
,"/Users/schervo/Documents/projects/templates/ReactNativeTemplate/src/helpers/api/index.js": {"path":"/Users/schervo/Documents/projects/templates/ReactNativeTemplate/src/helpers/api/index.js","statementMap":{"0":{"start":{"line":1,"column":13},"end":{"line":1,"column":75}},"1":{"start":{"line":1,"column":75},"end":{"line":1,"column":103}},"2":{"start":{"line":1,"column":103},"end":{"line":1,"column":198}},"3":{"start":{"line":2,"column":13},"end":{"line":2,"column":53}},"4":{"start":{"line":3,"column":14},"end":{"line":3,"column":31}},"5":{"start":{"line":10,"column":11},"end":{"line":10,"column":60}},"6":{"start":{"line":11,"column":12},"end":{"line":11,"column":30}},"7":{"start":{"line":11,"column":69},"end":{"line":11,"column":123}},"8":{"start":{"line":24,"column":16},"end":{"line":36,"column":6}},"9":{"start":{"line":24,"column":38},"end":{"line":36,"column":5}},"10":{"start":{"line":26,"column":17},"end":{"line":31,"column":46}},"11":{"start":{"line":35,"column":4},"end":{"line":35,"column":41}},"12":{"start":{"line":38,"column":17},"end":{"line":55,"column":1}},"13":{"start":{"line":39,"column":2},"end":{"line":45,"column":3}},"14":{"start":{"line":40,"column":4},"end":{"line":43,"column":20}},"15":{"start":{"line":46,"column":2},"end":{"line":53,"column":22}},"16":{"start":{"line":57,"column":20},"end":{"line":59,"column":27}},"17":{"start":{"line":57,"column":54},"end":{"line":59,"column":26}},"18":{"start":{"line":64,"column":10},"end":{"line":67,"column":76}},"19":{"start":{"line":64,"column":40},"end":{"line":67,"column":75}},"20":{"start":{"line":65,"column":27},"end":{"line":67,"column":72}},"21":{"start":{"line":66,"column":30},"end":{"line":66,"column":61}},"22":{"start":{"line":67,"column":28},"end":{"line":67,"column":69}},"23":{"start":{"line":67,"column":77},"end":{"line":67,"column":95}},"24":{"start":{"line":70,"column":11},"end":{"line":73,"column":76}},"25":{"start":{"line":70,"column":47},"end":{"line":70,"column":117}},"26":{"start":{"line":70,"column":129},"end":{"line":70,"column":176}},"27":{"start":{"line":70,"column":177},"end":{"line":73,"column":75}},"28":{"start":{"line":71,"column":26},"end":{"line":73,"column":72}},"29":{"start":{"line":72,"column":30},"end":{"line":72,"column":61}},"30":{"start":{"line":73,"column":28},"end":{"line":73,"column":69}},"31":{"start":{"line":73,"column":77},"end":{"line":73,"column":97}},"32":{"start":{"line":77,"column":12},"end":{"line":80,"column":76}},"33":{"start":{"line":77,"column":49},"end":{"line":77,"column":119}},"34":{"start":{"line":77,"column":131},"end":{"line":77,"column":178}},"35":{"start":{"line":77,"column":179},"end":{"line":80,"column":75}},"36":{"start":{"line":78,"column":26},"end":{"line":80,"column":72}},"37":{"start":{"line":79,"column":30},"end":{"line":79,"column":61}},"38":{"start":{"line":80,"column":28},"end":{"line":80,"column":69}},"39":{"start":{"line":80,"column":77},"end":{"line":80,"column":99}},"40":{"start":{"line":84,"column":10},"end":{"line":87,"column":76}},"41":{"start":{"line":84,"column":45},"end":{"line":84,"column":115}},"42":{"start":{"line":84,"column":127},"end":{"line":84,"column":174}},"43":{"start":{"line":84,"column":175},"end":{"line":87,"column":75}},"44":{"start":{"line":85,"column":26},"end":{"line":87,"column":72}},"45":{"start":{"line":86,"column":30},"end":{"line":86,"column":61}},"46":{"start":{"line":87,"column":28},"end":{"line":87,"column":69}},"47":{"start":{"line":87,"column":77},"end":{"line":87,"column":95}},"48":{"start":{"line":91,"column":10},"end":{"line":94,"column":76}},"49":{"start":{"line":91,"column":40},"end":{"line":94,"column":75}},"50":{"start":{"line":92,"column":26},"end":{"line":94,"column":72}},"51":{"start":{"line":93,"column":30},"end":{"line":93,"column":61}},"52":{"start":{"line":94,"column":28},"end":{"line":94,"column":69}},"53":{"start":{"line":94,"column":77},"end":{"line":94,"column":95}},"54":{"start":{"line":97,"column":11},"end":{"line":112,"column":18}},"55":{"start":{"line":99,"column":10},"end":{"line":99,"column":81}},"56":{"start":{"line":99,"column":82},"end":{"line":112,"column":17}},"57":{"start":{"line":100,"column":36},"end":{"line":112,"column":13}},"58":{"start":{"line":101,"column":19},"end":{"line":109,"column":26}},"59":{"start":{"line":105,"column":33},"end":{"line":105,"column":78}},"60":{"start":{"line":108,"column":33},"end":{"line":108,"column":62}},"61":{"start":{"line":112,"column":19},"end":{"line":112,"column":39}},"62":{"start":{"line":119,"column":2},"end":{"line":119,"column":42}},"63":{"start":{"line":119,"column":31},"end":{"line":119,"column":42}},"64":{"start":{"line":120,"column":2},"end":{"line":127,"column":5}},"65":{"start":{"line":120,"column":75},"end":{"line":120,"column":108}},"66":{"start":{"line":121,"column":4},"end":{"line":123,"column":5}},"67":{"start":{"line":122,"column":6},"end":{"line":122,"column":31}},"68":{"start":{"line":123,"column":5},"end":{"line":125,"column":5}},"69":{"start":{"line":124,"column":6},"end":{"line":124,"column":27}},"70":{"start":{"line":126,"column":4},"end":{"line":126,"column":15}}},"fnMap":{"0":{"name":"_interopRequireDefault","decl":{"start":{"line":11,"column":40},"end":{"line":11,"column":62}},"loc":{"start":{"line":11,"column":68},"end":{"line":11,"column":124}},"line":11},"1":{"name":"getClient","decl":{"start":{"line":24,"column":25},"end":{"line":24,"column":34}},"loc":{"start":{"line":24,"column":37},"end":{"line":36,"column":6}},"line":24},"2":{"name":"(anonymous_2)","decl":{"start":{"line":24,"column":76},"end":{"line":24,"column":77}},"loc":{"start":{"line":24,"column":93},"end":{"line":36,"column":3}},"line":24},"3":{"name":"parseError","decl":{"start":{"line":38,"column":26},"end":{"line":38,"column":36}},"loc":{"start":{"line":38,"column":44},"end":{"line":55,"column":1}},"line":38},"4":{"name":"parseResponse","decl":{"start":{"line":57,"column":29},"end":{"line":57,"column":42}},"loc":{"start":{"line":57,"column":53},"end":{"line":59,"column":27}},"line":57},"5":{"name":"get","decl":{"start":{"line":64,"column":19},"end":{"line":64,"column":22}},"loc":{"start":{"line":64,"column":39},"end":{"line":67,"column":76}},"line":64},"6":{"name":"(anonymous_6)","decl":{"start":{"line":65,"column":7},"end":{"line":65,"column":8}},"loc":{"start":{"line":65,"column":26},"end":{"line":67,"column":73}},"line":65},"7":{"name":"(anonymous_7)","decl":{"start":{"line":66,"column":9},"end":{"line":66,"column":10}},"loc":{"start":{"line":66,"column":29},"end":{"line":66,"column":62}},"line":66},"8":{"name":"(anonymous_8)","decl":{"start":{"line":67,"column":10},"end":{"line":67,"column":11}},"loc":{"start":{"line":67,"column":27},"end":{"line":67,"column":70}},"line":67},"9":{"name":"post","decl":{"start":{"line":70,"column":20},"end":{"line":70,"column":24}},"loc":{"start":{"line":70,"column":35},"end":{"line":73,"column":76}},"line":70},"10":{"name":"(anonymous_10)","decl":{"start":{"line":71,"column":7},"end":{"line":71,"column":8}},"loc":{"start":{"line":71,"column":25},"end":{"line":73,"column":73}},"line":71},"11":{"name":"(anonymous_11)","decl":{"start":{"line":72,"column":9},"end":{"line":72,"column":10}},"loc":{"start":{"line":72,"column":29},"end":{"line":72,"column":62}},"line":72},"12":{"name":"(anonymous_12)","decl":{"start":{"line":73,"column":10},"end":{"line":73,"column":11}},"loc":{"start":{"line":73,"column":27},"end":{"line":73,"column":70}},"line":73},"13":{"name":"patch","decl":{"start":{"line":77,"column":21},"end":{"line":77,"column":26}},"loc":{"start":{"line":77,"column":37},"end":{"line":80,"column":76}},"line":77},"14":{"name":"(anonymous_14)","decl":{"start":{"line":78,"column":7},"end":{"line":78,"column":8}},"loc":{"start":{"line":78,"column":25},"end":{"line":80,"column":73}},"line":78},"15":{"name":"(anonymous_15)","decl":{"start":{"line":79,"column":9},"end":{"line":79,"column":10}},"loc":{"start":{"line":79,"column":29},"end":{"line":79,"column":62}},"line":79},"16":{"name":"(anonymous_16)","decl":{"start":{"line":80,"column":10},"end":{"line":80,"column":11}},"loc":{"start":{"line":80,"column":27},"end":{"line":80,"column":70}},"line":80},"17":{"name":"put","decl":{"start":{"line":84,"column":19},"end":{"line":84,"column":22}},"loc":{"start":{"line":84,"column":33},"end":{"line":87,"column":76}},"line":84},"18":{"name":"(anonymous_18)","decl":{"start":{"line":85,"column":7},"end":{"line":85,"column":8}},"loc":{"start":{"line":85,"column":25},"end":{"line":87,"column":73}},"line":85},"19":{"name":"(anonymous_19)","decl":{"start":{"line":86,"column":9},"end":{"line":86,"column":10}},"loc":{"start":{"line":86,"column":29},"end":{"line":86,"column":62}},"line":86},"20":{"name":"(anonymous_20)","decl":{"start":{"line":87,"column":10},"end":{"line":87,"column":11}},"loc":{"start":{"line":87,"column":27},"end":{"line":87,"column":70}},"line":87},"21":{"name":"del","decl":{"start":{"line":91,"column":19},"end":{"line":91,"column":22}},"loc":{"start":{"line":91,"column":39},"end":{"line":94,"column":76}},"line":91},"22":{"name":"(anonymous_22)","decl":{"start":{"line":92,"column":7},"end":{"line":92,"column":8}},"loc":{"start":{"line":92,"column":25},"end":{"line":94,"column":73}},"line":92},"23":{"name":"(anonymous_23)","decl":{"start":{"line":93,"column":9},"end":{"line":93,"column":10}},"loc":{"start":{"line":93,"column":29},"end":{"line":93,"column":62}},"line":93},"24":{"name":"(anonymous_24)","decl":{"start":{"line":94,"column":10},"end":{"line":94,"column":11}},"loc":{"start":{"line":94,"column":27},"end":{"line":94,"column":70}},"line":94},"25":{"name":"mock","decl":{"start":{"line":97,"column":20},"end":{"line":97,"column":24}},"loc":{"start":{"line":98,"column":6},"end":{"line":112,"column":18}},"line":98},"26":{"name":"(anonymous_26)","decl":{"start":{"line":100,"column":16},"end":{"line":100,"column":17}},"loc":{"start":{"line":100,"column":35},"end":{"line":112,"column":14}},"line":100},"27":{"name":"(anonymous_27)","decl":{"start":{"line":101,"column":6},"end":{"line":101,"column":7}},"loc":{"start":{"line":101,"column":18},"end":{"line":109,"column":27}},"line":101},"28":{"name":"text","decl":{"start":{"line":105,"column":25},"end":{"line":105,"column":29}},"loc":{"start":{"line":105,"column":32},"end":{"line":105,"column":79}},"line":105},"29":{"name":"json","decl":{"start":{"line":108,"column":25},"end":{"line":108,"column":29}},"loc":{"start":{"line":108,"column":32},"end":{"line":108,"column":63}},"line":108},"30":{"name":"camelize","decl":{"start":{"line":118,"column":9},"end":{"line":118,"column":17}},"loc":{"start":{"line":118,"column":23},"end":{"line":128,"column":1}},"line":118},"31":{"name":"(anonymous_31)","decl":{"start":{"line":120,"column":58},"end":{"line":120,"column":59}},"loc":{"start":{"line":120,"column":74},"end":{"line":120,"column":109}},"line":120},"32":{"name":"(anonymous_32)","decl":{"start":{"line":120,"column":112},"end":{"line":120,"column":113}},"loc":{"start":{"line":120,"column":127},"end":{"line":127,"column":3}},"line":120}},"branchMap":{"0":{"loc":{"start":{"line":11,"column":76},"end":{"line":11,"column":122}},"type":"cond-expr","locations":[{"start":{"line":11,"column":100},"end":{"line":11,"column":103}},{"start":{"line":11,"column":106},"end":{"line":11,"column":122}}],"line":11},"1":{"loc":{"start":{"line":11,"column":76},"end":{"line":11,"column":97}},"type":"binary-expr","locations":[{"start":{"line":11,"column":76},"end":{"line":11,"column":79}},{"start":{"line":11,"column":83},"end":{"line":11,"column":97}}],"line":11},"2":{"loc":{"start":{"line":30,"column":23},"end":{"line":30,"column":60}},"type":"cond-expr","locations":[{"start":{"line":30,"column":31},"end":{"line":30,"column":48}},{"start":{"line":30,"column":51},"end":{"line":30,"column":60}}],"line":30},"3":{"loc":{"start":{"line":39,"column":2},"end":{"line":45,"column":3}},"type":"if","locations":[{"start":{"line":39,"column":2},"end":{"line":45,"column":3}},{"start":{"line":39,"column":2},"end":{"line":45,"column":3}}],"line":39},"4":{"loc":{"start":{"line":39,"column":6},"end":{"line":39,"column":29}},"type":"binary-expr","locations":[{"start":{"line":39,"column":6},"end":{"line":39,"column":11}},{"start":{"line":39,"column":15},"end":{"line":39,"column":29}}],"line":39},"5":{"loc":{"start":{"line":70,"column":47},"end":{"line":70,"column":117}},"type":"cond-expr","locations":[{"start":{"line":70,"column":100},"end":{"line":70,"column":112}},{"start":{"line":70,"column":115},"end":{"line":70,"column":117}}],"line":70},"6":{"loc":{"start":{"line":70,"column":47},"end":{"line":70,"column":97}},"type":"binary-expr","locations":[{"start":{"line":70,"column":47},"end":{"line":70,"column":67}},{"start":{"line":70,"column":71},"end":{"line":70,"column":97}}],"line":70},"7":{"loc":{"start":{"line":70,"column":129},"end":{"line":70,"column":176}},"type":"cond-expr","locations":[{"start":{"line":70,"column":152},"end":{"line":70,"column":164}},{"start":{"line":70,"column":167},"end":{"line":70,"column":176}}],"line":70},"8":{"loc":{"start":{"line":77,"column":49},"end":{"line":77,"column":119}},"type":"cond-expr","locations":[{"start":{"line":77,"column":102},"end":{"line":77,"column":114}},{"start":{"line":77,"column":117},"end":{"line":77,"column":119}}],"line":77},"9":{"loc":{"start":{"line":77,"column":49},"end":{"line":77,"column":99}},"type":"binary-expr","locations":[{"start":{"line":77,"column":49},"end":{"line":77,"column":69}},{"start":{"line":77,"column":73},"end":{"line":77,"column":99}}],"line":77},"10":{"loc":{"start":{"line":77,"column":131},"end":{"line":77,"column":178}},"type":"cond-expr","locations":[{"start":{"line":77,"column":154},"end":{"line":77,"column":166}},{"start":{"line":77,"column":169},"end":{"line":77,"column":178}}],"line":77},"11":{"loc":{"start":{"line":84,"column":45},"end":{"line":84,"column":115}},"type":"cond-expr","locations":[{"start":{"line":84,"column":98},"end":{"line":84,"column":110}},{"start":{"line":84,"column":113},"end":{"line":84,"column":115}}],"line":84},"12":{"loc":{"start":{"line":84,"column":45},"end":{"line":84,"column":95}},"type":"binary-expr","locations":[{"start":{"line":84,"column":45},"end":{"line":84,"column":65}},{"start":{"line":84,"column":69},"end":{"line":84,"column":95}}],"line":84},"13":{"loc":{"start":{"line":84,"column":127},"end":{"line":84,"column":174}},"type":"cond-expr","locations":[{"start":{"line":84,"column":150},"end":{"line":84,"column":162}},{"start":{"line":84,"column":165},"end":{"line":84,"column":174}}],"line":84},"14":{"loc":{"start":{"line":99,"column":10},"end":{"line":99,"column":81}},"type":"cond-expr","locations":[{"start":{"line":99,"column":63},"end":{"line":99,"column":75}},{"start":{"line":99,"column":78},"end":{"line":99,"column":81}}],"line":99},"15":{"loc":{"start":{"line":99,"column":10},"end":{"line":99,"column":60}},"type":"binary-expr","locations":[{"start":{"line":99,"column":10},"end":{"line":99,"column":30}},{"start":{"line":99,"column":34},"end":{"line":99,"column":60}}],"line":99},"16":{"loc":{"start":{"line":119,"column":2},"end":{"line":119,"column":42}},"type":"if","locations":[{"start":{"line":119,"column":2},"end":{"line":119,"column":42}},{"start":{"line":119,"column":2},"end":{"line":119,"column":42}}],"line":119},"17":{"loc":{"start":{"line":121,"column":4},"end":{"line":123,"column":5}},"type":"if","locations":[{"start":{"line":121,"column":4},"end":{"line":123,"column":5}},{"start":{"line":121,"column":4},"end":{"line":123,"column":5}}],"line":121},"18":{"loc":{"start":{"line":123,"column":5},"end":{"line":125,"column":5}},"type":"if","locations":[{"start":{"line":123,"column":5},"end":{"line":125,"column":5}},{"start":{"line":123,"column":5},"end":{"line":125,"column":5}}],"line":123}},"s":{"0":2,"1":2,"2":2,"3":2,"4":2,"5":2,"6":2,"7":4,"8":2,"9":0,"10":0,"11":0,"12":2,"13":0,"14":0,"15":0,"16":2,"17":0,"18":2,"19":0,"20":0,"21":0,"22":0,"23":2,"24":2,"25":0,"26":0,"27":0,"28":0,"29":0,"30":0,"31":2,"32":2,"33":0,"34":0,"35":0,"36":0,"37":0,"38":0,"39":2,"40":2,"41":0,"42":0,"43":0,"44":0,"45":0,"46":0,"47":2,"48":2,"49":0,"50":0,"51":0,"52":0,"53":2,"54":2,"55":1,"56":1,"57":1,"58":0,"59":0,"60":0,"61":2,"62":0,"63":0,"64":0,"65":0,"66":0,"67":0,"68":0,"69":0,"70":0},"f":{"0":4,"1":0,"2":0,"3":0,"4":0,"5":0,"6":0,"7":0,"8":0,"9":0,"10":0,"11":0,"12":0,"13":0,"14":0,"15":0,"16":0,"17":0,"18":0,"19":0,"20":0,"21":0,"22":0,"23":0,"24":0,"25":1,"26":1,"27":0,"28":0,"29":0,"30":0,"31":0,"32":0},"b":{"0":[2,2],"1":[4,4],"2":[0,0],"3":[0,0],"4":[0,0],"5":[0,0],"6":[0,0],"7":[0,0],"8":[0,0],"9":[0,0],"10":[0,0],"11":[0,0],"12":[0,0],"13":[0,0],"14":[0,1],"15":[1,0],"16":[0,0],"17":[0,0],"18":[0,0]},"_coverageSchema":"332fd63041d2c1bcb487cc26dd0d5f7d97098a6c","hash":"f745f4006a5187f92efc22cdfb3942fe1d853742"}
,"/Users/schervo/Documents/projects/templates/ReactNativeTemplate/src/redux/store.js": {"path":"/Users/schervo/Documents/projects/templates/ReactNativeTemplate/src/redux/store.js","statementMap":{"0":{"start":{"line":1,"column":13},"end":{"line":1,"column":75}},"1":{"start":{"line":1,"column":75},"end":{"line":1,"column":100}},"2":{"start":{"line":2,"column":13},"end":{"line":2,"column":29}},"3":{"start":{"line":3,"column":18},"end":{"line":3,"column":64}},"4":{"start":{"line":4,"column":30},"end":{"line":4,"column":89}},"5":{"start":{"line":5,"column":30},"end":{"line":5,"column":65}},"6":{"start":{"line":7,"column":15},"end":{"line":7,"column":59}},"7":{"start":{"line":7,"column":98},"end":{"line":7,"column":152}},"8":{"start":{"line":9,"column":17},"end":{"line":9,"column":78}},"9":{"start":{"line":11,"column":0},"end":{"line":11,"column":141}},"10":{"start":{"line":11,"column":142},"end":{"line":11,"column":169}}},"fnMap":{"0":{"name":"_interopRequireDefault","decl":{"start":{"line":7,"column":69},"end":{"line":7,"column":91}},"loc":{"start":{"line":7,"column":97},"end":{"line":7,"column":153}},"line":7}},"branchMap":{"0":{"loc":{"start":{"line":7,"column":105},"end":{"line":7,"column":151}},"type":"cond-expr","locations":[{"start":{"line":7,"column":129},"end":{"line":7,"column":132}},{"start":{"line":7,"column":135},"end":{"line":7,"column":151}}],"line":7},"1":{"loc":{"start":{"line":7,"column":105},"end":{"line":7,"column":126}},"type":"binary-expr","locations":[{"start":{"line":7,"column":105},"end":{"line":7,"column":108}},{"start":{"line":7,"column":112},"end":{"line":7,"column":126}}],"line":7}},"s":{"0":2,"1":2,"2":2,"3":2,"4":2,"5":2,"6":2,"7":6,"8":2,"9":2,"10":2},"f":{"0":6},"b":{"0":[6,0],"1":[6,6]},"_coverageSchema":"332fd63041d2c1bcb487cc26dd0d5f7d97098a6c","hash":"61e12f1f568e978bad53765b1d78c36bd90b3e46"}
,"/Users/schervo/Documents/projects/templates/ReactNativeTemplate/src/redux/modules/index.js": {"path":"/Users/schervo/Documents/projects/templates/ReactNativeTemplate/src/redux/modules/index.js","statementMap":{"0":{"start":{"line":1,"column":13},"end":{"line":1,"column":75}},"1":{"start":{"line":1,"column":75},"end":{"line":1,"column":100}},"2":{"start":{"line":2,"column":13},"end":{"line":2,"column":29}},"3":{"start":{"line":3,"column":10},"end":{"line":3,"column":65}},"4":{"start":{"line":3,"column":104},"end":{"line":3,"column":158}},"5":{"start":{"line":9,"column":18},"end":{"line":10,"column":20}},"6":{"start":{"line":13,"column":0},"end":{"line":13,"column":11}},"7":{"start":{"line":13,"column":12},"end":{"line":13,"column":39}}},"fnMap":{"0":{"name":"_interopRequireDefault","decl":{"start":{"line":3,"column":75},"end":{"line":3,"column":97}},"loc":{"start":{"line":3,"column":103},"end":{"line":3,"column":159}},"line":3}},"branchMap":{"0":{"loc":{"start":{"line":3,"column":111},"end":{"line":3,"column":157}},"type":"cond-expr","locations":[{"start":{"line":3,"column":135},"end":{"line":3,"column":138}},{"start":{"line":3,"column":141},"end":{"line":3,"column":157}}],"line":3},"1":{"loc":{"start":{"line":3,"column":111},"end":{"line":3,"column":132}},"type":"binary-expr","locations":[{"start":{"line":3,"column":111},"end":{"line":3,"column":114}},{"start":{"line":3,"column":118},"end":{"line":3,"column":132}}],"line":3}},"s":{"0":2,"1":2,"2":2,"3":2,"4":2,"5":2,"6":2,"7":2},"f":{"0":2},"b":{"0":[2,0],"1":[2,2]},"_coverageSchema":"332fd63041d2c1bcb487cc26dd0d5f7d97098a6c","hash":"3199a85cb26e34586ab1b9c86a5cc4922012640c"}
,"/Users/schervo/Documents/projects/templates/ReactNativeTemplate/src/redux/modules/ui/index.js": {"path":"/Users/schervo/Documents/projects/templates/ReactNativeTemplate/src/redux/modules/ui/index.js","statementMap":{"0":{"start":{"line":1,"column":13},"end":{"line":1,"column":75}},"1":{"start":{"line":1,"column":75},"end":{"line":1,"column":100}},"2":{"start":{"line":3,"column":14},"end":{"line":3,"column":59}},"3":{"start":{"line":4,"column":15},"end":{"line":4,"column":61}},"4":{"start":{"line":4,"column":101},"end":{"line":4,"column":513}},"5":{"start":{"line":4,"column":129},"end":{"line":4,"column":140}},"6":{"start":{"line":4,"column":161},"end":{"line":4,"column":163}},"7":{"start":{"line":4,"column":164},"end":{"line":4,"column":477}},"8":{"start":{"line":4,"column":182},"end":{"line":4,"column":476}},"9":{"start":{"line":4,"column":204},"end":{"line":4,"column":475}},"10":{"start":{"line":4,"column":268},"end":{"line":4,"column":373}},"11":{"start":{"line":4,"column":374},"end":{"line":4,"column":474}},"12":{"start":{"line":4,"column":401},"end":{"line":4,"column":442}},"13":{"start":{"line":4,"column":450},"end":{"line":4,"column":473}},"14":{"start":{"line":4,"column":477},"end":{"line":4,"column":498}},"15":{"start":{"line":4,"column":498},"end":{"line":4,"column":512}},"16":{"start":{"line":4,"column":546},"end":{"line":4,"column":966}},"17":{"start":{"line":4,"column":603},"end":{"line":4,"column":643}},"18":{"start":{"line":4,"column":658},"end":{"line":4,"column":677}},"19":{"start":{"line":4,"column":678},"end":{"line":4,"column":888}},"20":{"start":{"line":4,"column":735},"end":{"line":4,"column":887}},"21":{"start":{"line":4,"column":820},"end":{"line":4,"column":883}},"22":{"start":{"line":4,"column":888},"end":{"line":4,"column":965}},"23":{"start":{"line":4,"column":920},"end":{"line":4,"column":962}},"24":{"start":{"line":4,"column":966},"end":{"line":4,"column":980}},"25":{"start":{"line":4,"column":1024},"end":{"line":4,"column":1171}},"26":{"start":{"line":4,"column":1041},"end":{"line":4,"column":1145}},"27":{"start":{"line":4,"column":1153},"end":{"line":4,"column":1170}},"28":{"start":{"line":4,"column":1171},"end":{"line":4,"column":1182}},"29":{"start":{"line":14,"column":19},"end":{"line":18,"column":15}},"30":{"start":{"line":22,"column":14},"end":{"line":51,"column":1}},"31":{"start":{"line":22,"column":46},"end":{"line":22,"column":126}},"32":{"start":{"line":22,"column":140},"end":{"line":22,"column":187}},"33":{"start":{"line":23,"column":2},"end":{"line":49,"column":20}},"34":{"start":{"line":25,"column":6},"end":{"line":27,"column":14}},"35":{"start":{"line":31,"column":6},"end":{"line":33,"column":14}},"36":{"start":{"line":36,"column":6},"end":{"line":39,"column":33}},"37":{"start":{"line":42,"column":6},"end":{"line":45,"column":23}},"38":{"start":{"line":49,"column":6},"end":{"line":49,"column":19}},"39":{"start":{"line":53,"column":0},"end":{"line":53,"column":7}},"40":{"start":{"line":53,"column":8},"end":{"line":53,"column":35}}},"fnMap":{"0":{"name":"_interopRequireWildcard","decl":{"start":{"line":4,"column":71},"end":{"line":4,"column":94}},"loc":{"start":{"line":4,"column":100},"end":{"line":4,"column":514}},"line":4},"1":{"name":"_objectSpread","decl":{"start":{"line":4,"column":523},"end":{"line":4,"column":536}},"loc":{"start":{"line":4,"column":545},"end":{"line":4,"column":981}},"line":4},"2":{"name":"(anonymous_2)","decl":{"start":{"line":4,"column":804},"end":{"line":4,"column":805}},"loc":{"start":{"line":4,"column":819},"end":{"line":4,"column":884}},"line":4},"3":{"name":"(anonymous_3)","decl":{"start":{"line":4,"column":904},"end":{"line":4,"column":905}},"loc":{"start":{"line":4,"column":919},"end":{"line":4,"column":963}},"line":4},"4":{"name":"_defineProperty","decl":{"start":{"line":4,"column":990},"end":{"line":4,"column":1005}},"loc":{"start":{"line":4,"column":1023},"end":{"line":4,"column":1183}},"line":4},"5":{"name":"reducer","decl":{"start":{"line":22,"column":23},"end":{"line":22,"column":30}},"loc":{"start":{"line":22,"column":33},"end":{"line":51,"column":1}},"line":22}},"branchMap":{"0":{"loc":{"start":{"line":4,"column":101},"end":{"line":4,"column":513}},"type":"if","locations":[{"start":{"line":4,"column":101},"end":{"line":4,"column":513}},{"start":{"line":4,"column":101},"end":{"line":4,"column":513}}],"line":4},"1":{"loc":{"start":{"line":4,"column":105},"end":{"line":4,"column":126}},"type":"binary-expr","locations":[{"start":{"line":4,"column":105},"end":{"line":4,"column":108}},{"start":{"line":4,"column":112},"end":{"line":4,"column":126}}],"line":4},"2":{"loc":{"start":{"line":4,"column":164},"end":{"line":4,"column":477}},"type":"if","locations":[{"start":{"line":4,"column":164},"end":{"line":4,"column":477}},{"start":{"line":4,"column":164},"end":{"line":4,"column":477}}],"line":4},"3":{"loc":{"start":{"line":4,"column":204},"end":{"line":4,"column":475}},"type":"if","locations":[{"start":{"line":4,"column":204},"end":{"line":4,"column":475}},{"start":{"line":4,"column":204},"end":{"line":4,"column":475}}],"line":4},"4":{"loc":{"start":{"line":4,"column":268},"end":{"line":4,"column":373}},"type":"cond-expr","locations":[{"start":{"line":4,"column":327},"end":{"line":4,"column":368}},{"start":{"line":4,"column":371},"end":{"line":4,"column":373}}],"line":4},"5":{"loc":{"start":{"line":4,"column":268},"end":{"line":4,"column":324}},"type":"binary-expr","locations":[{"start":{"line":4,"column":268},"end":{"line":4,"column":289}},{"start":{"line":4,"column":293},"end":{"line":4,"column":324}}],"line":4},"6":{"loc":{"start":{"line":4,"column":374},"end":{"line":4,"column":474}},"type":"if","locations":[{"start":{"line":4,"column":374},"end":{"line":4,"column":474}},{"start":{"line":4,"column":374},"end":{"line":4,"column":474}}],"line":4},"7":{"loc":{"start":{"line":4,"column":378},"end":{"line":4,"column":398}},"type":"binary-expr","locations":[{"start":{"line":4,"column":378},"end":{"line":4,"column":386}},{"start":{"line":4,"column":390},"end":{"line":4,"column":398}}],"line":4},"8":{"loc":{"start":{"line":4,"column":603},"end":{"line":4,"column":643}},"type":"cond-expr","locations":[{"start":{"line":4,"column":626},"end":{"line":4,"column":638}},{"start":{"line":4,"column":641},"end":{"line":4,"column":643}}],"line":4},"9":{"loc":{"start":{"line":4,"column":678},"end":{"line":4,"column":888}},"type":"if","locations":[{"start":{"line":4,"column":678},"end":{"line":4,"column":888}},{"start":{"line":4,"column":678},"end":{"line":4,"column":888}}],"line":4},"10":{"loc":{"start":{"line":4,"column":1024},"end":{"line":4,"column":1171}},"type":"if","locations":[{"start":{"line":4,"column":1024},"end":{"line":4,"column":1171}},{"start":{"line":4,"column":1024},"end":{"line":4,"column":1171}}],"line":4},"11":{"loc":{"start":{"line":22,"column":46},"end":{"line":22,"column":126}},"type":"cond-expr","locations":[{"start":{"line":22,"column":99},"end":{"line":22,"column":111}},{"start":{"line":22,"column":114},"end":{"line":22,"column":126}}],"line":22},"12":{"loc":{"start":{"line":22,"column":46},"end":{"line":22,"column":96}},"type":"binary-expr","locations":[{"start":{"line":22,"column":46},"end":{"line":22,"column":66}},{"start":{"line":22,"column":70},"end":{"line":22,"column":96}}],"line":22},"13":{"loc":{"start":{"line":22,"column":140},"end":{"line":22,"column":187}},"type":"cond-expr","locations":[{"start":{"line":22,"column":163},"end":{"line":22,"column":175}},{"start":{"line":22,"column":178},"end":{"line":22,"column":187}}],"line":22},"14":{"loc":{"start":{"line":23,"column":2},"end":{"line":49,"column":20}},"type":"switch","locations":[{"start":{"line":24,"column":4},"end":{"line":27,"column":14}},{"start":{"line":30,"column":4},"end":{"line":33,"column":14}},{"start":{"line":35,"column":4},"end":{"line":39,"column":33}},{"start":{"line":41,"column":4},"end":{"line":45,"column":23}},{"start":{"line":48,"column":4},"end":{"line":49,"column":19}}],"line":23}},"s":{"0":2,"1":2,"2":2,"3":2,"4":4,"5":4,"6":0,"7":0,"8":0,"9":0,"10":0,"11":0,"12":0,"13":0,"14":0,"15":0,"16":0,"17":0,"18":0,"19":0,"20":0,"21":0,"22":0,"23":0,"24":0,"25":0,"26":0,"27":0,"28":0,"29":2,"30":2,"31":8,"32":8,"33":8,"34":1,"35":1,"36":0,"37":0,"38":6,"39":2,"40":2},"f":{"0":4,"1":0,"2":0,"3":0,"4":0,"5":8},"b":{"0":[4,0],"1":[4,4],"2":[0,0],"3":[0,0],"4":[0,0],"5":[0,0],"6":[0,0],"7":[0,0],"8":[0,0],"9":[0,0],"10":[0,0],"11":[2,6],"12":[8,8],"13":[8,0],"14":[1,1,0,0,6]},"_coverageSchema":"332fd63041d2c1bcb487cc26dd0d5f7d97098a6c","hash":"251a0ad905c346cfe03937b6c98b3ed9157badbb"}
,"/Users/schervo/Documents/projects/templates/ReactNativeTemplate/src/redux/modules/ui/actions/fetchUsers.js": {"path":"/Users/schervo/Documents/projects/templates/ReactNativeTemplate/src/redux/modules/ui/actions/fetchUsers.js","statementMap":{"0":{"start":{"line":1,"column":13},"end":{"line":1,"column":75}},"1":{"start":{"line":1,"column":75},"end":{"line":1,"column":218}},"2":{"start":{"line":4,"column":11},"end":{"line":4,"column":46}},"3":{"start":{"line":6,"column":18},"end":{"line":6,"column":56}},"4":{"start":{"line":6,"column":57},"end":{"line":6,"column":91}},"5":{"start":{"line":7,"column":26},"end":{"line":7,"column":72}},"6":{"start":{"line":7,"column":73},"end":{"line":7,"column":123}},"7":{"start":{"line":8,"column":28},"end":{"line":8,"column":76}},"8":{"start":{"line":8,"column":77},"end":{"line":8,"column":131}},"9":{"start":{"line":9,"column":27},"end":{"line":9,"column":74}},"10":{"start":{"line":9,"column":75},"end":{"line":9,"column":127}},"11":{"start":{"line":31,"column":17},"end":{"line":33,"column":39}},"12":{"start":{"line":31,"column":40},"end":{"line":33,"column":38}},"13":{"start":{"line":33,"column":40},"end":{"line":33,"column":72}}},"fnMap":{"0":{"name":"fetchUsers","decl":{"start":{"line":31,"column":26},"end":{"line":31,"column":36}},"loc":{"start":{"line":31,"column":39},"end":{"line":33,"column":39}},"line":31}},"branchMap":{},"s":{"0":2,"1":2,"2":2,"3":2,"4":2,"5":2,"6":2,"7":2,"8":2,"9":2,"10":2,"11":2,"12":1,"13":2},"f":{"0":1},"b":{},"_coverageSchema":"332fd63041d2c1bcb487cc26dd0d5f7d97098a6c","hash":"c8301589a3fec67516b69330809f728decdc9496"}
,"/Users/schervo/Documents/projects/templates/ReactNativeTemplate/src/redux/modules/ui/actions/index.js": {"path":"/Users/schervo/Documents/projects/templates/ReactNativeTemplate/src/redux/modules/ui/actions/index.js","statementMap":{"0":{"start":{"line":1,"column":13},"end":{"line":1,"column":75}},"1":{"start":{"line":1,"column":75},"end":{"line":1,"column":211}},"2":{"start":{"line":1,"column":166},"end":{"line":1,"column":206}},"3":{"start":{"line":1,"column":211},"end":{"line":1,"column":351}},"4":{"start":{"line":1,"column":304},"end":{"line":1,"column":346}},"5":{"start":{"line":1,"column":351},"end":{"line":1,"column":472}},"6":{"start":{"line":1,"column":437},"end":{"line":1,"column":467}},"7":{"start":{"line":1,"column":472},"end":{"line":1,"column":595}},"8":{"start":{"line":1,"column":559},"end":{"line":1,"column":590}},"9":{"start":{"line":1,"column":595},"end":{"line":1,"column":734}},"10":{"start":{"line":1,"column":690},"end":{"line":1,"column":729}},"11":{"start":{"line":1,"column":734},"end":{"line":1,"column":877}},"12":{"start":{"line":1,"column":831},"end":{"line":1,"column":872}},"13":{"start":{"line":1,"column":877},"end":{"line":1,"column":1018}},"14":{"start":{"line":1,"column":973},"end":{"line":1,"column":1013}},"15":{"start":{"line":4,"column":23},"end":{"line":4,"column":51}},"16":{"start":{"line":12,"column":18},"end":{"line":12,"column":41}}},"fnMap":{"0":{"name":"get","decl":{"start":{"line":1,"column":159},"end":{"line":1,"column":162}},"loc":{"start":{"line":1,"column":165},"end":{"line":1,"column":207}},"line":1},"1":{"name":"get","decl":{"start":{"line":1,"column":297},"end":{"line":1,"column":300}},"loc":{"start":{"line":1,"column":303},"end":{"line":1,"column":347}},"line":1},"2":{"name":"get","decl":{"start":{"line":1,"column":430},"end":{"line":1,"column":433}},"loc":{"start":{"line":1,"column":436},"end":{"line":1,"column":468}},"line":1},"3":{"name":"get","decl":{"start":{"line":1,"column":552},"end":{"line":1,"column":555}},"loc":{"start":{"line":1,"column":558},"end":{"line":1,"column":591}},"line":1},"4":{"name":"get","decl":{"start":{"line":1,"column":683},"end":{"line":1,"column":686}},"loc":{"start":{"line":1,"column":689},"end":{"line":1,"column":730}},"line":1},"5":{"name":"get","decl":{"start":{"line":1,"column":824},"end":{"line":1,"column":827}},"loc":{"start":{"line":1,"column":830},"end":{"line":1,"column":873}},"line":1},"6":{"name":"get","decl":{"start":{"line":1,"column":966},"end":{"line":1,"column":969}},"loc":{"start":{"line":1,"column":972},"end":{"line":1,"column":1014}},"line":1}},"branchMap":{},"s":{"0":2,"1":2,"2":1,"3":2,"4":8,"5":2,"6":1,"7":2,"8":0,"9":2,"10":7,"11":2,"12":6,"13":2,"14":6,"15":2,"16":2},"f":{"0":1,"1":8,"2":1,"3":0,"4":7,"5":6,"6":6},"b":{},"_coverageSchema":"332fd63041d2c1bcb487cc26dd0d5f7d97098a6c","hash":"d6b12cdd12c19032e5ff63090a7591825e02b813"}
,"/Users/schervo/Documents/projects/templates/ReactNativeTemplate/src/redux/modules/ui/actions/switchTextColor.js": {"path":"/Users/schervo/Documents/projects/templates/ReactNativeTemplate/src/redux/modules/ui/actions/switchTextColor.js","statementMap":{"0":{"start":{"line":1,"column":13},"end":{"line":1,"column":75}},"1":{"start":{"line":1,"column":75},"end":{"line":1,"column":136}},"2":{"start":{"line":3,"column":24},"end":{"line":3,"column":68}},"3":{"start":{"line":3,"column":69},"end":{"line":3,"column":115}},"4":{"start":{"line":12,"column":22},"end":{"line":15,"column":24}},"5":{"start":{"line":12,"column":55},"end":{"line":15,"column":23}},"6":{"start":{"line":15,"column":25},"end":{"line":15,"column":67}}},"fnMap":{"0":{"name":"switchTextColor","decl":{"start":{"line":12,"column":31},"end":{"line":12,"column":46}},"loc":{"start":{"line":12,"column":54},"end":{"line":15,"column":24}},"line":12}},"branchMap":{},"s":{"0":2,"1":2,"2":2,"3":2,"4":2,"5":1,"6":2},"f":{"0":1},"b":{},"_coverageSchema":"332fd63041d2c1bcb487cc26dd0d5f7d97098a6c","hash":"3489ffc5e0c9564b0b27dc3fe7c33f01ad9ca4e9"}
,"/Users/schervo/Documents/projects/templates/ReactNativeTemplate/src/redux/modules/ui/api/fetchUsers.js": {"path":"/Users/schervo/Documents/projects/templates/ReactNativeTemplate/src/redux/modules/ui/api/fetchUsers.js","statementMap":{"0":{"start":{"line":1,"column":13},"end":{"line":1,"column":75}},"1":{"start":{"line":1,"column":75},"end":{"line":1,"column":104}},"2":{"start":{"line":1,"column":104},"end":{"line":1,"column":144}},"3":{"start":{"line":2,"column":11},"end":{"line":2,"column":37}},"4":{"start":{"line":4,"column":11},"end":{"line":4,"column":60}},"5":{"start":{"line":4,"column":99},"end":{"line":4,"column":153}},"6":{"start":{"line":4,"column":186},"end":{"line":4,"column":606}},"7":{"start":{"line":4,"column":243},"end":{"line":4,"column":283}},"8":{"start":{"line":4,"column":298},"end":{"line":4,"column":317}},"9":{"start":{"line":4,"column":318},"end":{"line":4,"column":528}},"10":{"start":{"line":4,"column":375},"end":{"line":4,"column":527}},"11":{"start":{"line":4,"column":460},"end":{"line":4,"column":523}},"12":{"start":{"line":4,"column":528},"end":{"line":4,"column":605}},"13":{"start":{"line":4,"column":560},"end":{"line":4,"column":602}},"14":{"start":{"line":4,"column":606},"end":{"line":4,"column":620}},"15":{"start":{"line":4,"column":664},"end":{"line":4,"column":811}},"16":{"start":{"line":4,"column":681},"end":{"line":4,"column":785}},"17":{"start":{"line":4,"column":793},"end":{"line":4,"column":810}},"18":{"start":{"line":4,"column":811},"end":{"line":4,"column":822}},"19":{"start":{"line":4,"column":876},"end":{"line":4,"column":906}},"20":{"start":{"line":4,"column":896},"end":{"line":4,"column":906}},"21":{"start":{"line":4,"column":919},"end":{"line":4,"column":966}},"22":{"start":{"line":4,"column":978},"end":{"line":4,"column":1286}},"23":{"start":{"line":4,"column":1036},"end":{"line":4,"column":1072}},"24":{"start":{"line":4,"column":1073},"end":{"line":4,"column":1285}},"25":{"start":{"line":4,"column":1120},"end":{"line":4,"column":1146}},"26":{"start":{"line":4,"column":1146},"end":{"line":4,"column":1187}},"27":{"start":{"line":4,"column":1178},"end":{"line":4,"column":1187}},"28":{"start":{"line":4,"column":1187},"end":{"line":4,"column":1258}},"29":{"start":{"line":4,"column":1249},"end":{"line":4,"column":1258}},"30":{"start":{"line":4,"column":1258},"end":{"line":4,"column":1284}},"31":{"start":{"line":4,"column":1286},"end":{"line":4,"column":1300}},"32":{"start":{"line":4,"column":1359},"end":{"line":4,"column":1389}},"33":{"start":{"line":4,"column":1379},"end":{"line":4,"column":1389}},"34":{"start":{"line":4,"column":1402},"end":{"line":4,"column":1404}},"35":{"start":{"line":4,"column":1422},"end":{"line":4,"column":1441}},"36":{"start":{"line":4,"column":1453},"end":{"line":4,"column":1582}},"37":{"start":{"line":4,"column":1494},"end":{"line":4,"column":1514}},"38":{"start":{"line":4,"column":1514},"end":{"line":4,"column":1555}},"39":{"start":{"line":4,"column":1546},"end":{"line":4,"column":1555}},"40":{"start":{"line":4,"column":1555},"end":{"line":4,"column":1581}},"41":{"start":{"line":4,"column":1582},"end":{"line":4,"column":1596}},"42":{"start":{"line":7,"column":11},"end":{"line":7,"column":32}},"43":{"start":{"line":13,"column":29},"end":{"line":58,"column":51}},"44":{"start":{"line":58,"column":52},"end":{"line":58,"column":108}},"45":{"start":{"line":73,"column":42},"end":{"line":79,"column":90}},"46":{"start":{"line":73,"column":103},"end":{"line":79,"column":75}},"47":{"start":{"line":73,"column":114},"end":{"line":79,"column":74}},"48":{"start":{"line":74,"column":10},"end":{"line":74,"column":71}},"49":{"start":{"line":75,"column":10},"end":{"line":76,"column":38}},"50":{"start":{"line":75,"column":41},"end":{"line":76,"column":35}},"51":{"start":{"line":76,"column":38},"end":{"line":79,"column":32}},"52":{"start":{"line":79,"column":50},"end":{"line":79,"column":73}},"53":{"start":{"line":85,"column":44},"end":{"line":98,"column":78}},"54":{"start":{"line":85,"column":109},"end":{"line":98,"column":63}},"55":{"start":{"line":85,"column":120},"end":{"line":98,"column":62}},"56":{"start":{"line":85,"column":169},"end":{"line":85,"column":188}},"57":{"start":{"line":85,"column":188},"end":{"line":90,"column":57}},"58":{"start":{"line":90,"column":64},"end":{"line":90,"column":90}},"59":{"start":{"line":90,"column":90},"end":{"line":90,"column":119}},"60":{"start":{"line":90,"column":119},"end":{"line":90,"column":137}},"61":{"start":{"line":90,"column":137},"end":{"line":94,"column":19}},"62":{"start":{"line":94,"column":19},"end":{"line":94,"column":38}},"63":{"start":{"line":94,"column":38},"end":{"line":95,"column":29}},"64":{"start":{"line":95,"column":36},"end":{"line":95,"column":66}},"65":{"start":{"line":95,"column":66},"end":{"line":95,"column":104}},"66":{"start":{"line":95,"column":104},"end":{"line":95,"column":173}},"67":{"start":{"line":95,"column":173},"end":{"line":98,"column":18}},"68":{"start":{"line":98,"column":37},"end":{"line":98,"column":61}}},"fnMap":{"0":{"name":"_interopRequireDefault","decl":{"start":{"line":4,"column":70},"end":{"line":4,"column":92}},"loc":{"start":{"line":4,"column":98},"end":{"line":4,"column":154}},"line":4},"1":{"name":"_objectSpread","decl":{"start":{"line":4,"column":163},"end":{"line":4,"column":176}},"loc":{"start":{"line":4,"column":185},"end":{"line":4,"column":621}},"line":4},"2":{"name":"(anonymous_2)","decl":{"start":{"line":4,"column":444},"end":{"line":4,"column":445}},"loc":{"start":{"line":4,"column":459},"end":{"line":4,"column":524}},"line":4},"3":{"name":"(anonymous_3)","decl":{"start":{"line":4,"column":544},"end":{"line":4,"column":545}},"loc":{"start":{"line":4,"column":559},"end":{"line":4,"column":603}},"line":4},"4":{"name":"_defineProperty","decl":{"start":{"line":4,"column":630},"end":{"line":4,"column":645}},"loc":{"start":{"line":4,"column":663},"end":{"line":4,"column":823}},"line":4},"5":{"name":"_objectWithoutProperties","decl":{"start":{"line":4,"column":832},"end":{"line":4,"column":856}},"loc":{"start":{"line":4,"column":875},"end":{"line":4,"column":1301}},"line":4},"6":{"name":"_objectWithoutPropertiesLoose","decl":{"start":{"line":4,"column":1310},"end":{"line":4,"column":1339}},"loc":{"start":{"line":4,"column":1358},"end":{"line":4,"column":1597}},"line":4},"7":{"name":"decoder","decl":{"start":{"line":73,"column":9},"end":{"line":73,"column":16}},"loc":{"start":{"line":73,"column":22},"end":{"line":79,"column":91}},"line":73},"8":{"name":"decoder$","decl":{"start":{"line":73,"column":83},"end":{"line":73,"column":91}},"loc":{"start":{"line":73,"column":102},"end":{"line":79,"column":76}},"line":73},"9":{"name":"(anonymous_9)","decl":{"start":{"line":75,"column":27},"end":{"line":75,"column":28}},"loc":{"start":{"line":75,"column":40},"end":{"line":76,"column":36}},"line":75},"10":{"name":"fetchUsers","decl":{"start":{"line":85,"column":9},"end":{"line":85,"column":19}},"loc":{"start":{"line":85,"column":22},"end":{"line":98,"column":79}},"line":85},"11":{"name":"fetchUsers$","decl":{"start":{"line":85,"column":85},"end":{"line":85,"column":96}},"loc":{"start":{"line":85,"column":108},"end":{"line":98,"column":64}},"line":85}},"branchMap":{"0":{"loc":{"start":{"line":4,"column":106},"end":{"line":4,"column":152}},"type":"cond-expr","locations":[{"start":{"line":4,"column":130},"end":{"line":4,"column":133}},{"start":{"line":4,"column":136},"end":{"line":4,"column":152}}],"line":4},"1":{"loc":{"start":{"line":4,"column":106},"end":{"line":4,"column":127}},"type":"binary-expr","locations":[{"start":{"line":4,"column":106},"end":{"line":4,"column":109}},{"start":{"line":4,"column":113},"end":{"line":4,"column":127}}],"line":4},"2":{"loc":{"start":{"line":4,"column":243},"end":{"line":4,"column":283}},"type":"cond-expr","locations":[{"start":{"line":4,"column":266},"end":{"line":4,"column":278}},{"start":{"line":4,"column":281},"end":{"line":4,"column":283}}],"line":4},"3":{"loc":{"start":{"line":4,"column":318},"end":{"line":4,"column":528}},"type":"if","locations":[{"start":{"line":4,"column":318},"end":{"line":4,"column":528}},{"start":{"line":4,"column":318},"end":{"line":4,"column":528}}],"line":4},"4":{"loc":{"start":{"line":4,"column":664},"end":{"line":4,"column":811}},"type":"if","locations":[{"start":{"line":4,"column":664},"end":{"line":4,"column":811}},{"start":{"line":4,"column":664},"end":{"line":4,"column":811}}],"line":4},"5":{"loc":{"start":{"line":4,"column":876},"end":{"line":4,"column":906}},"type":"if","locations":[{"start":{"line":4,"column":876},"end":{"line":4,"column":906}},{"start":{"line":4,"column":876},"end":{"line":4,"column":906}}],"line":4},"6":{"loc":{"start":{"line":4,"column":978},"end":{"line":4,"column":1286}},"type":"if","locations":[{"start":{"line":4,"column":978},"end":{"line":4,"column":1286}},{"start":{"line":4,"column":978},"end":{"line":4,"column":1286}}],"line":4},"7":{"loc":{"start":{"line":4,"column":1146},"end":{"line":4,"column":1187}},"type":"if","locations":[{"start":{"line":4,"column":1146},"end":{"line":4,"column":1187}},{"start":{"line":4,"column":1146},"end":{"line":4,"column":1187}}],"line":4},"8":{"loc":{"start":{"line":4,"column":1187},"end":{"line":4,"column":1258}},"type":"if","locations":[{"start":{"line":4,"column":1187},"end":{"line":4,"column":1258}},{"start":{"line":4,"column":1187},"end":{"line":4,"column":1258}}],"line":4},"9":{"loc":{"start":{"line":4,"column":1359},"end":{"line":4,"column":1389}},"type":"if","locations":[{"start":{"line":4,"column":1359},"end":{"line":4,"column":1389}},{"start":{"line":4,"column":1359},"end":{"line":4,"column":1389}}],"line":4},"10":{"loc":{"start":{"line":4,"column":1514},"end":{"line":4,"column":1555}},"type":"if","locations":[{"start":{"line":4,"column":1514},"end":{"line":4,"column":1555}},{"start":{"line":4,"column":1514},"end":{"line":4,"column":1555}}],"line":4},"11":{"loc":{"start":{"line":73,"column":114},"end":{"line":79,"column":74}},"type":"switch","locations":[{"start":{"line":73,"column":154},"end":{"line":79,"column":32}},{"start":{"line":79,"column":32},"end":{"line":79,"column":39}},{"start":{"line":79,"column":39},"end":{"line":79,"column":73}}],"line":73},"12":{"loc":{"start":{"line":85,"column":120},"end":{"line":98,"column":62}},"type":"switch","locations":[{"start":{"line":85,"column":162},"end":{"line":90,"column":57}},{"start":{"line":90,"column":57},"end":{"line":95,"column":29}},{"start":{"line":95,"column":29},"end":{"line":98,"column":18}},{"start":{"line":98,"column":18},"end":{"line":98,"column":26}},{"start":{"line":98,"column":26},"end":{"line":98,"column":61}}],"line":85},"13":{"loc":{"start":{"line":86,"column":10},"end":{"line":90,"column":55}},"type":"cond-expr","locations":[{"start":{"line":87,"column":10},"end":{"line":87,"column":48}},{"start":{"line":88,"column":10},"end":{"line":90,"column":55}}],"line":86}},"s":{"0":2,"1":2,"2":2,"3":2,"4":2,"5":2,"6":0,"7":0,"8":0,"9":0,"10":0,"11":0,"12":0,"13":0,"14":0,"15":0,"16":0,"17":0,"18":0,"19":0,"20":0,"21":0,"22":0,"23":0,"24":0,"25":0,"26":0,"27":0,"28":0,"29":0,"30":0,"31":0,"32":0,"33":0,"34":0,"35":0,"36":0,"37":0,"38":0,"39":0,"40":0,"41":0,"42":2,"43":2,"44":2,"45":0,"46":0,"47":0,"48":0,"49":0,"50":0,"51":0,"52":0,"53":1,"54":1,"55":1,"56":1,"57":1,"58":0,"59":0,"60":0,"61":0,"62":0,"63":0,"64":0,"65":0,"66":0,"67":0,"68":0},"f":{"0":2,"1":0,"2":0,"3":0,"4":0,"5":0,"6":0,"7":0,"8":0,"9":0,"10":1,"11":1},"b":{"0":[2,0],"1":[2,2],"2":[0,0],"3":[0,0],"4":[0,0],"5":[0,0],"6":[0,0],"7":[0,0],"8":[0,0],"9":[0,0],"10":[0,0],"11":[0,0,0],"12":[1,0,0,0,0],"13":[1,0]},"_coverageSchema":"332fd63041d2c1bcb487cc26dd0d5f7d97098a6c","hash":"94389b1bc29614e89e38f292836e9c696d4b2e50"}
,"/Users/schervo/Documents/projects/templates/ReactNativeTemplate/src/redux/modules/ui/api/index.js": {"path":"/Users/schervo/Documents/projects/templates/ReactNativeTemplate/src/redux/modules/ui/api/index.js","statementMap":{"0":{"start":{"line":1,"column":13},"end":{"line":1,"column":75}},"1":{"start":{"line":1,"column":75},"end":{"line":1,"column":193}},"2":{"start":{"line":1,"column":161},"end":{"line":1,"column":188}},"3":{"start":{"line":2,"column":18},"end":{"line":2,"column":65}},"4":{"start":{"line":2,"column":104},"end":{"line":2,"column":158}}},"fnMap":{"0":{"name":"get","decl":{"start":{"line":1,"column":154},"end":{"line":1,"column":157}},"loc":{"start":{"line":1,"column":160},"end":{"line":1,"column":189}},"line":1},"1":{"name":"_interopRequireDefault","decl":{"start":{"line":2,"column":75},"end":{"line":2,"column":97}},"loc":{"start":{"line":2,"column":103},"end":{"line":2,"column":159}},"line":2}},"branchMap":{"0":{"loc":{"start":{"line":2,"column":111},"end":{"line":2,"column":157}},"type":"cond-expr","locations":[{"start":{"line":2,"column":135},"end":{"line":2,"column":138}},{"start":{"line":2,"column":141},"end":{"line":2,"column":157}}],"line":2},"1":{"loc":{"start":{"line":2,"column":111},"end":{"line":2,"column":132}},"type":"binary-expr","locations":[{"start":{"line":2,"column":111},"end":{"line":2,"column":114}},{"start":{"line":2,"column":118},"end":{"line":2,"column":132}}],"line":2}},"s":{"0":2,"1":2,"2":1,"3":2,"4":2},"f":{"0":1,"1":2},"b":{"0":[2,0],"1":[2,2]},"_coverageSchema":"332fd63041d2c1bcb487cc26dd0d5f7d97098a6c","hash":"f3e99dcf8c077a55786c277e82bb0be3188ee567"}
,"/Users/schervo/Documents/projects/templates/ReactNativeTemplate/src/redux/modules/ui/reducers/fetchUsers.js": {"path":"/Users/schervo/Documents/projects/templates/ReactNativeTemplate/src/redux/modules/ui/reducers/fetchUsers.js","statementMap":{"0":{"start":{"line":1,"column":13},"end":{"line":1,"column":75}},"1":{"start":{"line":1,"column":75},"end":{"line":1,"column":121}},"2":{"start":{"line":1,"column":121},"end":{"line":1,"column":171}},"3":{"start":{"line":1,"column":171},"end":{"line":1,"column":219}},"4":{"start":{"line":2,"column":14},"end":{"line":2,"column":31}},"5":{"start":{"line":2,"column":64},"end":{"line":2,"column":484}},"6":{"start":{"line":2,"column":121},"end":{"line":2,"column":161}},"7":{"start":{"line":2,"column":176},"end":{"line":2,"column":195}},"8":{"start":{"line":2,"column":196},"end":{"line":2,"column":406}},"9":{"start":{"line":2,"column":253},"end":{"line":2,"column":405}},"10":{"start":{"line":2,"column":338},"end":{"line":2,"column":401}},"11":{"start":{"line":2,"column":406},"end":{"line":2,"column":483}},"12":{"start":{"line":2,"column":438},"end":{"line":2,"column":480}},"13":{"start":{"line":2,"column":484},"end":{"line":2,"column":498}},"14":{"start":{"line":2,"column":542},"end":{"line":2,"column":689}},"15":{"start":{"line":2,"column":559},"end":{"line":2,"column":663}},"16":{"start":{"line":2,"column":671},"end":{"line":2,"column":688}},"17":{"start":{"line":2,"column":689},"end":{"line":2,"column":700}},"18":{"start":{"line":10,"column":2},"end":{"line":12,"column":24}},"19":{"start":{"line":20,"column":2},"end":{"line":23,"column":25}},"20":{"start":{"line":31,"column":2},"end":{"line":34,"column":25}}},"fnMap":{"0":{"name":"_objectSpread","decl":{"start":{"line":2,"column":41},"end":{"line":2,"column":54}},"loc":{"start":{"line":2,"column":63},"end":{"line":2,"column":499}},"line":2},"1":{"name":"(anonymous_1)","decl":{"start":{"line":2,"column":322},"end":{"line":2,"column":323}},"loc":{"start":{"line":2,"column":337},"end":{"line":2,"column":402}},"line":2},"2":{"name":"(anonymous_2)","decl":{"start":{"line":2,"column":422},"end":{"line":2,"column":423}},"loc":{"start":{"line":2,"column":437},"end":{"line":2,"column":481}},"line":2},"3":{"name":"_defineProperty","decl":{"start":{"line":2,"column":508},"end":{"line":2,"column":523}},"loc":{"start":{"line":2,"column":541},"end":{"line":2,"column":701}},"line":2},"4":{"name":"fetchUsersPending","decl":{"start":{"line":9,"column":9},"end":{"line":9,"column":26}},"loc":{"start":{"line":9,"column":34},"end":{"line":14,"column":1}},"line":9},"5":{"name":"fetchUsersFulfilled","decl":{"start":{"line":16,"column":9},"end":{"line":16,"column":28}},"loc":{"start":{"line":19,"column":0},"end":{"line":25,"column":1}},"line":19},"6":{"name":"fetchUsersRejected","decl":{"start":{"line":27,"column":9},"end":{"line":27,"column":27}},"loc":{"start":{"line":30,"column":0},"end":{"line":36,"column":1}},"line":30}},"branchMap":{"0":{"loc":{"start":{"line":2,"column":121},"end":{"line":2,"column":161}},"type":"cond-expr","locations":[{"start":{"line":2,"column":144},"end":{"line":2,"column":156}},{"start":{"line":2,"column":159},"end":{"line":2,"column":161}}],"line":2},"1":{"loc":{"start":{"line":2,"column":196},"end":{"line":2,"column":406}},"type":"if","locations":[{"start":{"line":2,"column":196},"end":{"line":2,"column":406}},{"start":{"line":2,"column":196},"end":{"line":2,"column":406}}],"line":2},"2":{"loc":{"start":{"line":2,"column":542},"end":{"line":2,"column":689}},"type":"if","locations":[{"start":{"line":2,"column":542},"end":{"line":2,"column":689}},{"start":{"line":2,"column":542},"end":{"line":2,"column":689}}],"line":2}},"s":{"0":2,"1":2,"2":2,"3":2,"4":2,"5":1,"6":2,"7":2,"8":2,"9":2,"10":0,"11":2,"12":5,"13":1,"14":5,"15":1,"16":4,"17":5,"18":1,"19":0,"20":0},"f":{"0":1,"1":0,"2":5,"3":5,"4":1,"5":0,"6":0},"b":{"0":[2,0],"1":[2,0],"2":[1,4]},"_coverageSchema":"332fd63041d2c1bcb487cc26dd0d5f7d97098a6c","hash":"db8c53e18c336ef509ca1de2b3f48eb6d21d8a20"}
,"/Users/schervo/Documents/projects/templates/ReactNativeTemplate/src/redux/modules/ui/reducers/index.js": {"path":"/Users/schervo/Documents/projects/templates/ReactNativeTemplate/src/redux/modules/ui/reducers/index.js","statementMap":{"0":{"start":{"line":1,"column":13},"end":{"line":1,"column":75}},"1":{"start":{"line":1,"column":75},"end":{"line":1,"column":210}},"2":{"start":{"line":1,"column":168},"end":{"line":1,"column":205}},"3":{"start":{"line":1,"column":210},"end":{"line":1,"column":349}},"4":{"start":{"line":1,"column":305},"end":{"line":1,"column":344}},"5":{"start":{"line":1,"column":349},"end":{"line":1,"column":486}},"6":{"start":{"line":1,"column":443},"end":{"line":1,"column":481}},"7":{"start":{"line":1,"column":486},"end":{"line":1,"column":614}},"8":{"start":{"line":1,"column":577},"end":{"line":1,"column":609}},"9":{"start":{"line":1,"column":632},"end":{"line":1,"column":655}},"10":{"start":{"line":7,"column":23},"end":{"line":7,"column":75}},"11":{"start":{"line":7,"column":114},"end":{"line":7,"column":168}}},"fnMap":{"0":{"name":"get","decl":{"start":{"line":1,"column":161},"end":{"line":1,"column":164}},"loc":{"start":{"line":1,"column":167},"end":{"line":1,"column":206}},"line":1},"1":{"name":"get","decl":{"start":{"line":1,"column":298},"end":{"line":1,"column":301}},"loc":{"start":{"line":1,"column":304},"end":{"line":1,"column":345}},"line":1},"2":{"name":"get","decl":{"start":{"line":1,"column":436},"end":{"line":1,"column":439}},"loc":{"start":{"line":1,"column":442},"end":{"line":1,"column":482}},"line":1},"3":{"name":"get","decl":{"start":{"line":1,"column":570},"end":{"line":1,"column":573}},"loc":{"start":{"line":1,"column":576},"end":{"line":1,"column":610}},"line":1},"4":{"name":"_interopRequireDefault","decl":{"start":{"line":7,"column":85},"end":{"line":7,"column":107}},"loc":{"start":{"line":7,"column":113},"end":{"line":7,"column":169}},"line":7}},"branchMap":{"0":{"loc":{"start":{"line":7,"column":121},"end":{"line":7,"column":167}},"type":"cond-expr","locations":[{"start":{"line":7,"column":145},"end":{"line":7,"column":148}},{"start":{"line":7,"column":151},"end":{"line":7,"column":167}}],"line":7},"1":{"loc":{"start":{"line":7,"column":121},"end":{"line":7,"column":142}},"type":"binary-expr","locations":[{"start":{"line":7,"column":121},"end":{"line":7,"column":124}},{"start":{"line":7,"column":128},"end":{"line":7,"column":142}}],"line":7}},"s":{"0":2,"1":2,"2":1,"3":2,"4":0,"5":2,"6":0,"7":2,"8":1,"9":2,"10":2,"11":2},"f":{"0":1,"1":0,"2":0,"3":1,"4":2},"b":{"0":[2,0],"1":[2,2]},"_coverageSchema":"332fd63041d2c1bcb487cc26dd0d5f7d97098a6c","hash":"6614ff9c56da0913b4e92a0e2cecb13648731acc"}
,"/Users/schervo/Documents/projects/templates/ReactNativeTemplate/src/redux/modules/ui/reducers/switchTextColor.js": {"path":"/Users/schervo/Documents/projects/templates/ReactNativeTemplate/src/redux/modules/ui/reducers/switchTextColor.js","statementMap":{"0":{"start":{"line":1,"column":13},"end":{"line":1,"column":75}},"1":{"start":{"line":1,"column":75},"end":{"line":1,"column":109}},"2":{"start":{"line":2,"column":14},"end":{"line":2,"column":31}},"3":{"start":{"line":2,"column":64},"end":{"line":2,"column":484}},"4":{"start":{"line":2,"column":121},"end":{"line":2,"column":161}},"5":{"start":{"line":2,"column":176},"end":{"line":2,"column":195}},"6":{"start":{"line":2,"column":196},"end":{"line":2,"column":406}},"7":{"start":{"line":2,"column":253},"end":{"line":2,"column":405}},"8":{"start":{"line":2,"column":338},"end":{"line":2,"column":401}},"9":{"start":{"line":2,"column":406},"end":{"line":2,"column":483}},"10":{"start":{"line":2,"column":438},"end":{"line":2,"column":480}},"11":{"start":{"line":2,"column":484},"end":{"line":2,"column":498}},"12":{"start":{"line":2,"column":542},"end":{"line":2,"column":689}},"13":{"start":{"line":2,"column":559},"end":{"line":2,"column":663}},"14":{"start":{"line":2,"column":671},"end":{"line":2,"column":688}},"15":{"start":{"line":2,"column":689},"end":{"line":2,"column":700}},"16":{"start":{"line":12,"column":2},"end":{"line":14,"column":39}}},"fnMap":{"0":{"name":"_objectSpread","decl":{"start":{"line":2,"column":41},"end":{"line":2,"column":54}},"loc":{"start":{"line":2,"column":63},"end":{"line":2,"column":499}},"line":2},"1":{"name":"(anonymous_1)","decl":{"start":{"line":2,"column":322},"end":{"line":2,"column":323}},"loc":{"start":{"line":2,"column":337},"end":{"line":2,"column":402}},"line":2},"2":{"name":"(anonymous_2)","decl":{"start":{"line":2,"column":422},"end":{"line":2,"column":423}},"loc":{"start":{"line":2,"column":437},"end":{"line":2,"column":481}},"line":2},"3":{"name":"_defineProperty","decl":{"start":{"line":2,"column":508},"end":{"line":2,"column":523}},"loc":{"start":{"line":2,"column":541},"end":{"line":2,"column":701}},"line":2},"4":{"name":"switchTextColor","decl":{"start":{"line":8,"column":9},"end":{"line":8,"column":24}},"loc":{"start":{"line":11,"column":0},"end":{"line":16,"column":1}},"line":11}},"branchMap":{"0":{"loc":{"start":{"line":2,"column":121},"end":{"line":2,"column":161}},"type":"cond-expr","locations":[{"start":{"line":2,"column":144},"end":{"line":2,"column":156}},{"start":{"line":2,"column":159},"end":{"line":2,"column":161}}],"line":2},"1":{"loc":{"start":{"line":2,"column":196},"end":{"line":2,"column":406}},"type":"if","locations":[{"start":{"line":2,"column":196},"end":{"line":2,"column":406}},{"start":{"line":2,"column":196},"end":{"line":2,"column":406}}],"line":2},"2":{"loc":{"start":{"line":2,"column":542},"end":{"line":2,"column":689}},"type":"if","locations":[{"start":{"line":2,"column":542},"end":{"line":2,"column":689}},{"start":{"line":2,"column":542},"end":{"line":2,"column":689}}],"line":2}},"s":{"0":2,"1":2,"2":2,"3":1,"4":2,"5":2,"6":2,"7":2,"8":0,"9":2,"10":5,"11":1,"12":5,"13":1,"14":4,"15":5,"16":1},"f":{"0":1,"1":0,"2":5,"3":5,"4":1},"b":{"0":[2,0],"1":[2,0],"2":[1,4]},"_coverageSchema":"332fd63041d2c1bcb487cc26dd0d5f7d97098a6c","hash":"49668d37603462dd9be6097c29693697b5756779"}
}
