TN:
SF:/Users/schervo/Documents/projects/templates/ReactNativeTemplate/src/config/env.js
FNF:0
FNH:0
DA:1,2
DA:5,2
DA:12,2
DA:19,2
LF:4
LH:4
BRF:0
BRH:0
end_of_record
TN:
SF:/Users/schervo/Documents/projects/templates/ReactNativeTemplate/src/config/variables.js
FNF:0
FNH:0
DA:3,2
DA:9,2
LF:2
LH:2
BRF:0
BRH:0
end_of_record
TN:
SF:/Users/schervo/Documents/projects/templates/ReactNativeTemplate/src/helpers/auth.js
FN:3,_interopRequireDefault
FN:7,getAuthToken
FN:7,(anonymous_2)
FN:9,setAuthToken
FN:13,removeAuthToken
FNF:5
FNH:1
FNDA:4,_interopRequireDefault
FNDA:0,getAuthToken
FNDA:0,(anonymous_2)
FNDA:0,setAuthToken
FNDA:0,removeAuthToken
DA:1,2
DA:2,2
DA:3,4
DA:5,2
DA:7,2
DA:9,2
DA:10,0
DA:11,2
DA:13,2
DA:14,0
DA:15,2
LF:11
LH:9
BRDA:3,0,0,2
BRDA:3,0,1,2
BRDA:3,1,0,4
BRDA:3,1,1,4
BRDA:7,2,0,0
BRDA:7,2,1,0
BRF:6
BRH:4
end_of_record
TN:
SF:/Users/schervo/Documents/projects/templates/ReactNativeTemplate/src/helpers/storage.js
FN:4,Set
FN:9,Get
FN:9,Get$
FN:11,(anonymous_3)
FN:14,Remove
FNF:5
FNH:0
FNDA:0,Set
FNDA:0,Get
FNDA:0,Get$
FNDA:0,(anonymous_3)
FNDA:0,Remove
DA:1,2
DA:2,2
DA:4,2
DA:5,0
DA:6,0
DA:9,2
DA:10,0
DA:11,0
DA:14,2
DA:15,0
DA:16,0
DA:19,2
LF:12
LH:6
BRDA:5,0,0,0
BRDA:5,0,1,0
BRDA:9,1,0,0
BRDA:9,1,1,0
BRDA:9,1,2,0
BRDA:9,1,3,0
BRDA:9,2,0,0
BRDA:9,2,1,0
BRDA:11,3,0,0
BRDA:11,3,1,0
BRDA:15,4,0,0
BRDA:15,4,1,0
BRF:12
BRH:0
end_of_record
TN:
SF:/Users/schervo/Documents/projects/templates/ReactNativeTemplate/src/helpers/api/index.js
FN:11,_interopRequireDefault
FN:24,getClient
FN:24,(anonymous_2)
FN:38,parseError
FN:57,parseResponse
FN:64,get
FN:65,(anonymous_6)
FN:66,(anonymous_7)
FN:67,(anonymous_8)
FN:70,post
FN:71,(anonymous_10)
FN:72,(anonymous_11)
FN:73,(anonymous_12)
FN:77,patch
FN:78,(anonymous_14)
FN:79,(anonymous_15)
FN:80,(anonymous_16)
FN:84,put
FN:85,(anonymous_18)
FN:86,(anonymous_19)
FN:87,(anonymous_20)
FN:91,del
FN:92,(anonymous_22)
FN:93,(anonymous_23)
FN:94,(anonymous_24)
FN:97,mock
FN:100,(anonymous_26)
FN:101,(anonymous_27)
FN:105,text
FN:108,json
FN:118,camelize
FN:120,(anonymous_31)
FN:120,(anonymous_32)
FNF:33
FNH:3
FNDA:4,_interopRequireDefault
FNDA:0,getClient
FNDA:0,(anonymous_2)
FNDA:0,parseError
FNDA:0,parseResponse
FNDA:0,get
FNDA:0,(anonymous_6)
FNDA:0,(anonymous_7)
FNDA:0,(anonymous_8)
FNDA:0,post
FNDA:0,(anonymous_10)
FNDA:0,(anonymous_11)
FNDA:0,(anonymous_12)
FNDA:0,patch
FNDA:0,(anonymous_14)
FNDA:0,(anonymous_15)
FNDA:0,(anonymous_16)
FNDA:0,put
FNDA:0,(anonymous_18)
FNDA:0,(anonymous_19)
FNDA:0,(anonymous_20)
FNDA:0,del
FNDA:0,(anonymous_22)
FNDA:0,(anonymous_23)
FNDA:0,(anonymous_24)
FNDA:1,mock
FNDA:1,(anonymous_26)
FNDA:0,(anonymous_27)
FNDA:0,text
FNDA:0,json
FNDA:0,camelize
FNDA:0,(anonymous_31)
FNDA:0,(anonymous_32)
DA:1,2
DA:2,2
DA:3,2
DA:10,2
DA:11,4
DA:24,2
DA:26,0
DA:35,0
DA:38,2
DA:39,0
DA:40,0
DA:46,0
DA:57,2
DA:64,2
DA:65,0
DA:66,0
DA:67,2
DA:70,2
DA:71,0
DA:72,0
DA:73,2
DA:77,2
DA:78,0
DA:79,0
DA:80,2
DA:84,2
DA:85,0
DA:86,0
DA:87,2
DA:91,2
DA:92,0
DA:93,0
DA:94,2
DA:97,2
DA:99,1
DA:100,1
DA:101,0
DA:105,0
DA:108,0
DA:112,2
DA:119,0
DA:120,0
DA:121,0
DA:122,0
DA:123,0
DA:124,0
DA:126,0
LF:47
LH:22
BRDA:11,0,0,2
BRDA:11,0,1,2
BRDA:11,1,0,4
BRDA:11,1,1,4
BRDA:30,2,0,0
BRDA:30,2,1,0
BRDA:39,3,0,0
BRDA:39,3,1,0
BRDA:39,4,0,0
BRDA:39,4,1,0
BRDA:70,5,0,0
BRDA:70,5,1,0
BRDA:70,6,0,0
BRDA:70,6,1,0
BRDA:70,7,0,0
BRDA:70,7,1,0
BRDA:77,8,0,0
BRDA:77,8,1,0
BRDA:77,9,0,0
BRDA:77,9,1,0
BRDA:77,10,0,0
BRDA:77,10,1,0
BRDA:84,11,0,0
BRDA:84,11,1,0
BRDA:84,12,0,0
BRDA:84,12,1,0
BRDA:84,13,0,0
BRDA:84,13,1,0
BRDA:99,14,0,0
BRDA:99,14,1,1
BRDA:99,15,0,1
BRDA:99,15,1,0
BRDA:119,16,0,0
BRDA:119,16,1,0
BRDA:121,17,0,0
BRDA:121,17,1,0
BRDA:123,18,0,0
BRDA:123,18,1,0
BRF:38
BRH:6
end_of_record
TN:
SF:/Users/schervo/Documents/projects/templates/ReactNativeTemplate/src/redux/store.js
FN:7,_interopRequireDefault
FNF:1
FNH:1
FNDA:6,_interopRequireDefault
DA:1,2
DA:2,2
DA:3,2
DA:4,2
DA:5,2
DA:7,6
DA:9,2
DA:11,2
LF:8
LH:8
BRDA:7,0,0,6
BRDA:7,0,1,0
BRDA:7,1,0,6
BRDA:7,1,1,6
BRF:4
BRH:3
end_of_record
TN:
SF:/Users/schervo/Documents/projects/templates/ReactNativeTemplate/src/redux/modules/index.js
FN:3,_interopRequireDefault
FNF:1
FNH:1
FNDA:2,_interopRequireDefault
DA:1,2
DA:2,2
DA:3,2
DA:9,2
DA:13,2
LF:5
LH:5
BRDA:3,0,0,2
BRDA:3,0,1,0
BRDA:3,1,0,2
BRDA:3,1,1,2
BRF:4
BRH:3
end_of_record
TN:
SF:/Users/schervo/Documents/projects/templates/ReactNativeTemplate/src/redux/modules/ui/index.js
FN:4,_interopRequireWildcard
FN:4,_objectSpread
FN:4,(anonymous_2)
FN:4,(anonymous_3)
FN:4,_defineProperty
FN:22,reducer
FNF:6
FNH:2
FNDA:4,_interopRequireWildcard
FNDA:0,_objectSpread
FNDA:0,(anonymous_2)
FNDA:0,(anonymous_3)
FNDA:0,_defineProperty
FNDA:8,reducer
DA:1,2
DA:3,2
DA:4,4
DA:14,2
DA:22,8
DA:23,8
DA:25,1
DA:31,1
DA:36,0
DA:42,0
DA:49,6
DA:53,2
LF:12
LH:10
BRDA:4,0,0,4
BRDA:4,0,1,0
BRDA:4,1,0,4
BRDA:4,1,1,4
BRDA:4,2,0,0
BRDA:4,2,1,0
BRDA:4,3,0,0
BRDA:4,3,1,0
BRDA:4,4,0,0
BRDA:4,4,1,0
BRDA:4,5,0,0
BRDA:4,5,1,0
BRDA:4,6,0,0
BRDA:4,6,1,0
BRDA:4,7,0,0
BRDA:4,7,1,0
BRDA:4,8,0,0
BRDA:4,8,1,0
BRDA:4,9,0,0
BRDA:4,9,1,0
BRDA:4,10,0,0
BRDA:4,10,1,0
BRDA:22,11,0,2
BRDA:22,11,1,6
BRDA:22,12,0,8
BRDA:22,12,1,8
BRDA:22,13,0,8
BRDA:22,13,1,0
BRDA:23,14,0,1
BRDA:23,14,1,1
BRDA:23,14,2,0
BRDA:23,14,3,0
BRDA:23,14,4,6
BRF:33
BRH:11
end_of_record
TN:
SF:/Users/schervo/Documents/projects/templates/ReactNativeTemplate/src/redux/modules/ui/actions/fetchUsers.js
FN:31,fetchUsers
FNF:1
FNH:1
FNDA:1,fetchUsers
DA:1,2
DA:4,2
DA:6,2
DA:7,2
DA:8,2
DA:9,2
DA:31,2
DA:33,2
LF:8
LH:8
BRF:0
BRH:0
end_of_record
TN:
SF:/Users/schervo/Documents/projects/templates/ReactNativeTemplate/src/redux/modules/ui/actions/index.js
FN:1,get
FN:1,get
FN:1,get
FN:1,get
FN:1,get
FN:1,get
FN:1,get
FNF:7
FNH:6
FNDA:1,get
FNDA:8,get
FNDA:1,get
FNDA:0,get
FNDA:7,get
FNDA:6,get
FNDA:6,get
DA:1,8
DA:4,2
DA:12,2
LF:3
LH:3
BRF:0
BRH:0
end_of_record
TN:
SF:/Users/schervo/Documents/projects/templates/ReactNativeTemplate/src/redux/modules/ui/actions/switchTextColor.js
FN:12,switchTextColor
FNF:1
FNH:1
FNDA:1,switchTextColor
DA:1,2
DA:3,2
DA:12,2
DA:15,2
LF:4
LH:4
BRF:0
BRH:0
end_of_record
TN:
SF:/Users/schervo/Documents/projects/templates/ReactNativeTemplate/src/redux/modules/ui/api/fetchUsers.js
FN:4,_interopRequireDefault
FN:4,_objectSpread
FN:4,(anonymous_2)
FN:4,(anonymous_3)
FN:4,_defineProperty
FN:4,_objectWithoutProperties
FN:4,_objectWithoutPropertiesLoose
FN:73,decoder
FN:73,decoder$
FN:75,(anonymous_9)
FN:85,fetchUsers
FN:85,fetchUsers$
FNF:12
FNH:3
FNDA:2,_interopRequireDefault
FNDA:0,_objectSpread
FNDA:0,(anonymous_2)
FNDA:0,(anonymous_3)
FNDA:0,_defineProperty
FNDA:0,_objectWithoutProperties
FNDA:0,_objectWithoutPropertiesLoose
FNDA:0,decoder
FNDA:0,decoder$
FNDA:0,(anonymous_9)
FNDA:1,fetchUsers
FNDA:1,fetchUsers$
DA:1,2
DA:2,2
DA:4,2
DA:7,2
DA:13,2
DA:58,2
DA:73,0
DA:74,0
DA:75,0
DA:76,0
DA:79,0
DA:85,1
DA:90,0
DA:94,0
DA:95,0
DA:98,0
LF:16
LH:7
BRDA:4,0,0,2
BRDA:4,0,1,0
BRDA:4,1,0,2
BRDA:4,1,1,2
BRDA:4,2,0,0
BRDA:4,2,1,0
BRDA:4,3,0,0
BRDA:4,3,1,0
BRDA:4,4,0,0
BRDA:4,4,1,0
BRDA:4,5,0,0
BRDA:4,5,1,0
BRDA:4,6,0,0
BRDA:4,6,1,0
BRDA:4,7,0,0
BRDA:4,7,1,0
BRDA:4,8,0,0
BRDA:4,8,1,0
BRDA:4,9,0,0
BRDA:4,9,1,0
BRDA:4,10,0,0
BRDA:4,10,1,0
BRDA:73,11,0,0
BRDA:73,11,1,0
BRDA:73,11,2,0
BRDA:85,12,0,1
BRDA:85,12,1,0
BRDA:85,12,2,0
BRDA:85,12,3,0
BRDA:85,12,4,0
BRDA:86,13,0,1
BRDA:86,13,1,0
BRF:32
BRH:5
end_of_record
TN:
SF:/Users/schervo/Documents/projects/templates/ReactNativeTemplate/src/redux/modules/ui/api/index.js
FN:1,get
FN:2,_interopRequireDefault
FNF:2
FNH:2
FNDA:1,get
FNDA:2,_interopRequireDefault
DA:1,2
DA:2,2
LF:2
LH:2
BRDA:2,0,0,2
BRDA:2,0,1,0
BRDA:2,1,0,2
BRDA:2,1,1,2
BRF:4
BRH:3
end_of_record
TN:
SF:/Users/schervo/Documents/projects/templates/ReactNativeTemplate/src/redux/modules/ui/reducers/fetchUsers.js
FN:2,_objectSpread
FN:2,(anonymous_1)
FN:2,(anonymous_2)
FN:2,_defineProperty
FN:9,fetchUsersPending
FN:16,fetchUsersFulfilled
FN:27,fetchUsersRejected
FNF:7
FNH:4
FNDA:1,_objectSpread
FNDA:0,(anonymous_1)
FNDA:5,(anonymous_2)
FNDA:5,_defineProperty
FNDA:1,fetchUsersPending
FNDA:0,fetchUsersFulfilled
FNDA:0,fetchUsersRejected
DA:1,2
DA:2,5
DA:10,1
DA:20,0
DA:31,0
LF:5
LH:3
BRDA:2,0,0,2
BRDA:2,0,1,0
BRDA:2,1,0,2
BRDA:2,1,1,0
BRDA:2,2,0,1
BRDA:2,2,1,4
BRF:6
BRH:4
end_of_record
TN:
SF:/Users/schervo/Documents/projects/templates/ReactNativeTemplate/src/redux/modules/ui/reducers/index.js
FN:1,get
FN:1,get
FN:1,get
FN:1,get
FN:7,_interopRequireDefault
FNF:5
FNH:3
FNDA:1,get
FNDA:0,get
FNDA:0,get
FNDA:1,get
FNDA:2,_interopRequireDefault
DA:1,2
DA:7,2
LF:2
LH:2
BRDA:7,0,0,2
BRDA:7,0,1,0
BRDA:7,1,0,2
BRDA:7,1,1,2
BRF:4
BRH:3
end_of_record
TN:
SF:/Users/schervo/Documents/projects/templates/ReactNativeTemplate/src/redux/modules/ui/reducers/switchTextColor.js
FN:2,_objectSpread
FN:2,(anonymous_1)
FN:2,(anonymous_2)
FN:2,_defineProperty
FN:8,switchTextColor
FNF:5
FNH:4
FNDA:1,_objectSpread
FNDA:0,(anonymous_1)
FNDA:5,(anonymous_2)
FNDA:5,_defineProperty
FNDA:1,switchTextColor
DA:1,2
DA:2,5
DA:12,1
LF:3
LH:3
BRDA:2,0,0,2
BRDA:2,0,1,0
BRDA:2,1,0,2
BRDA:2,1,1,0
BRDA:2,2,0,1
BRDA:2,2,1,4
BRF:6
BRH:4
end_of_record
